Missing image: wp-content/uploads/2021/08/arrow-down.svg in file C:\Users\usama\OneDrive\Desktop\EXI 3 - Copy\exiinc.com\about\index.html
Replaced wp-content/uploads/2021/08/arrow-down.svg with placeholder in C:\Users\usama\OneDrive\Desktop\EXI 3 - Copy\exiinc.com\about\index.html
Missing image: wp-content/uploads/2021/08/icons_safety.svg in file C:\Users\usama\OneDrive\Desktop\EXI 3 - Copy\exiinc.com\about\index.html
Replaced wp-content/uploads/2021/08/icons_safety.svg with placeholder in C:\Users\usama\OneDrive\Desktop\EXI 3 - Copy\exiinc.com\about\index.html
Missing image: wp-content/uploads/2021/08/icons_respect.svg in file C:\Users\usama\OneDrive\Desktop\EXI 3 - Copy\exiinc.com\about\index.html
Replaced wp-content/uploads/2021/08/icons_respect.svg with placeholder in C:\Users\usama\OneDrive\Desktop\EXI 3 - Copy\exiinc.com\about\index.html
Missing image: wp-content/uploads/2021/08/icons_responsiveness.svg in file C:\Users\usama\OneDrive\Desktop\EXI 3 - Copy\exiinc.com\about\index.html
Replaced wp-content/uploads/2021/08/icons_responsiveness.svg with placeholder in C:\Users\usama\OneDrive\Desktop\EXI 3 - Copy\exiinc.com\about\index.html
Missing image: wp-content/uploads/2021/08/icons_creativity.svg in file C:\Users\usama\OneDrive\Desktop\EXI 3 - Copy\exiinc.com\about\index.html
Replaced wp-content/uploads/2021/08/icons_creativity.svg with placeholder in C:\Users\usama\OneDrive\Desktop\EXI 3 - Copy\exiinc.com\about\index.html
Missing image: wp-content/uploads/2021/08/icons_integriy.svg in file C:\Users\usama\OneDrive\Desktop\EXI 3 - Copy\exiinc.com\about\index.html
Replaced wp-content/uploads/2021/08/icons_integriy.svg with placeholder in C:\Users\usama\OneDrive\Desktop\EXI 3 - Copy\exiinc.com\about\index.html
Missing image: wp-content/uploads/2021/08/icons_initiative.svg in file C:\Users\usama\OneDrive\Desktop\EXI 3 - Copy\exiinc.com\about\index.html
Replaced wp-content/uploads/2021/08/icons_initiative.svg with placeholder in C:\Users\usama\OneDrive\Desktop\EXI 3 - Copy\exiinc.com\about\index.html
Missing image: wp-content/uploads/2021/08/icons_teamwork.svg in file C:\Users\usama\OneDrive\Desktop\EXI 3 - Copy\exiinc.com\about\index.html
Replaced wp-content/uploads/2021/08/icons_teamwork.svg with placeholder in C:\Users\usama\OneDrive\Desktop\EXI 3 - Copy\exiinc.com\about\index.html
Missing image: wp-content/uploads/2021/08/arrow-down.svg in file C:\Users\usama\OneDrive\Desktop\EXI 3 - Copy\exiinc.com\about\history\index.html
Replaced wp-content/uploads/2021/08/arrow-down.svg with placeholder in C:\Users\usama\OneDrive\Desktop\EXI 3 - Copy\exiinc.com\about\history\index.html
Missing image: wp-content/uploads/2021/08/arrow-down.svg in file C:\Users\usama\OneDrive\Desktop\EXI 3 - Copy\exiinc.com\capabilities\index.html
Replaced wp-content/uploads/2021/08/arrow-down.svg with placeholder in C:\Users\usama\OneDrive\Desktop\EXI 3 - Copy\exiinc.com\capabilities\index.html
Missing image: wp-content/uploads/2021/08/arrow-down.svg in file C:\Users\usama\OneDrive\Desktop\EXI 3 - Copy\exiinc.com\capabilities\commercial-industrial-construction\index.html
Replaced wp-content/uploads/2021/08/arrow-down.svg with placeholder in C:\Users\usama\OneDrive\Desktop\EXI 3 - Copy\exiinc.com\capabilities\commercial-industrial-construction\index.html
Missing image: wp-content/uploads/2021/08/arrow-down.svg in file C:\Users\usama\OneDrive\Desktop\EXI 3 - Copy\exiinc.com\capabilities\distribution-construction\index.html
Replaced wp-content/uploads/2021/08/arrow-down.svg with placeholder in C:\Users\usama\OneDrive\Desktop\EXI 3 - Copy\exiinc.com\capabilities\distribution-construction\index.html
Missing image: wp-content/uploads/2021/08/arrow-down.svg in file C:\Users\usama\OneDrive\Desktop\EXI 3 - Copy\exiinc.com\capabilities\emergency-restoration\index.html
Replaced wp-content/uploads/2021/08/arrow-down.svg with placeholder in C:\Users\usama\OneDrive\Desktop\EXI 3 - Copy\exiinc.com\capabilities\emergency-restoration\index.html
Missing image: wp-content/uploads/2021/08/arrow-down.svg in file C:\Users\usama\OneDrive\Desktop\EXI 3 - Copy\exiinc.com\capabilities\epc-ipd-delivery-models\index.html
Replaced wp-content/uploads/2021/08/arrow-down.svg with placeholder in C:\Users\usama\OneDrive\Desktop\EXI 3 - Copy\exiinc.com\capabilities\epc-ipd-delivery-models\index.html
Missing image: wp-content/uploads/2021/08/arrow-down.svg in file C:\Users\usama\OneDrive\Desktop\EXI 3 - Copy\exiinc.com\capabilities\fleet-resources\index.html
Replaced wp-content/uploads/2021/08/arrow-down.svg with placeholder in C:\Users\usama\OneDrive\Desktop\EXI 3 - Copy\exiinc.com\capabilities\fleet-resources\index.html
Missing image: wp-content/uploads/2021/08/arrow-down.svg in file C:\Users\usama\OneDrive\Desktop\EXI 3 - Copy\exiinc.com\capabilities\labor-resources\index.html
Replaced wp-content/uploads/2021/08/arrow-down.svg with placeholder in C:\Users\usama\OneDrive\Desktop\EXI 3 - Copy\exiinc.com\capabilities\labor-resources\index.html
Missing image: wp-content/uploads/2021/08/arrow-down.svg in file C:\Users\usama\OneDrive\Desktop\EXI 3 - Copy\exiinc.com\capabilities\project-certainty\index.html
Replaced wp-content/uploads/2021/08/arrow-down.svg with placeholder in C:\Users\usama\OneDrive\Desktop\EXI 3 - Copy\exiinc.com\capabilities\project-certainty\index.html
Missing image: wp-content/uploads/2021/08/arrow-down.svg in file C:\Users\usama\OneDrive\Desktop\EXI 3 - Copy\exiinc.com\capabilities\renewable-energy\index.html
Replaced wp-content/uploads/2021/08/arrow-down.svg with placeholder in C:\Users\usama\OneDrive\Desktop\EXI 3 - Copy\exiinc.com\capabilities\renewable-energy\index.html
Missing image: wp-content/uploads/2021/08/arrow-down.svg in file C:\Users\usama\OneDrive\Desktop\EXI 3 - Copy\exiinc.com\capabilities\substation-construction\index.html
Replaced wp-content/uploads/2021/08/arrow-down.svg with placeholder in C:\Users\usama\OneDrive\Desktop\EXI 3 - Copy\exiinc.com\capabilities\substation-construction\index.html
Missing image: wp-content/uploads/2021/08/arrow-down.svg in file C:\Users\usama\OneDrive\Desktop\EXI 3 - Copy\exiinc.com\capabilities\transmission-construction\index.html
Replaced wp-content/uploads/2021/08/arrow-down.svg with placeholder in C:\Users\usama\OneDrive\Desktop\EXI 3 - Copy\exiinc.com\capabilities\transmission-construction\index.html
Missing image: wp-content/uploads/2021/08/arrow-down.svg in file C:\Users\usama\OneDrive\Desktop\EXI 3 - Copy\exiinc.com\capabilities\transportation-construction\index.html
Replaced wp-content/uploads/2021/08/arrow-down.svg with placeholder in C:\Users\usama\OneDrive\Desktop\EXI 3 - Copy\exiinc.com\capabilities\transportation-construction\index.html
Missing image: wp-content/uploads/2022/04/placeholder.png in file C:\Users\usama\OneDrive\Desktop\EXI 3 - Copy\exiinc.com\community-engagement\index.html
Replaced wp-content/uploads/2022/04/placeholder.png with placeholder in C:\Users\usama\OneDrive\Desktop\EXI 3 - Copy\exiinc.com\community-engagement\index.html
Missing image: wp-content/uploads/2021/08/arrow-down.svg in file C:\Users\usama\OneDrive\Desktop\EXI 3 - Copy\exiinc.com\contact\vendors\index.html
Replaced wp-content/uploads/2021/08/arrow-down.svg with placeholder in C:\Users\usama\OneDrive\Desktop\EXI 3 - Copy\exiinc.com\contact\vendors\index.html
Missing image: wp-content/uploads/2021/08/arrow-down.svg in file C:\Users\usama\OneDrive\Desktop\EXI 3 - Copy\exiinc.com\leadership\index.html
Replaced wp-content/uploads/2021/08/arrow-down.svg with placeholder in C:\Users\usama\OneDrive\Desktop\EXI 3 - Copy\exiinc.com\leadership\index.html
Missing image: wp-content/uploads/2021/08/arrow-down.svg in file C:\Users\usama\OneDrive\Desktop\EXI 3 - Copy\exiinc.com\projects\index.html
Replaced wp-content/uploads/2021/08/arrow-down.svg with placeholder in C:\Users\usama\OneDrive\Desktop\EXI 3 - Copy\exiinc.com\projects\index.html
Missing image: wp-content/uploads/2021/08/arrow-down.svg in file C:\Users\usama\OneDrive\Desktop\EXI 3 - Copy\exiinc.com\projects\index.html
Replaced wp-content/uploads/2021/08/arrow-down.svg with placeholder in C:\Users\usama\OneDrive\Desktop\EXI 3 - Copy\exiinc.com\projects\index.html
