Missing image: wp-content/uploads/placeholder.png in C:\Users\usama\OneDrive\Desktop\EXI 3 - Copy\exiinc.com\about\index.html
Missing image: wp-content/uploads/placeholder.png in C:\Users\usama\OneDrive\Desktop\EXI 3 - Copy\exiinc.com\about\index.html
Missing image: wp-content/uploads/placeholder.png in C:\Users\usama\OneDrive\Desktop\EXI 3 - Copy\exiinc.com\about\index.html
Missing image: wp-content/uploads/placeholder.png in C:\Users\usama\OneDrive\Desktop\EXI 3 - Copy\exiinc.com\about\index.html
Missing image: wp-content/uploads/placeholder.png in C:\Users\usama\OneDrive\Desktop\EXI 3 - Copy\exiinc.com\about\index.html
Missing image: wp-content/uploads/placeholder.png in C:\Users\usama\OneDrive\Desktop\EXI 3 - Copy\exiinc.com\about\index.html
Missing image: wp-content/uploads/placeholder.png in C:\Users\usama\OneDrive\Desktop\EXI 3 - Copy\exiinc.com\about\index.html
Missing image: wp-content/uploads/placeholder.png in C:\Users\usama\OneDrive\Desktop\EXI 3 - Copy\exiinc.com\about\index.html
Missing image: wp-content/uploads/placeholder.png in C:\Users\usama\OneDrive\Desktop\EXI 3 - Copy\exiinc.com\about\index.html
Missing image: wp-content/uploads/placeholder.png in C:\Users\usama\OneDrive\Desktop\EXI 3 - Copy\exiinc.com\about\index.html
Missing image: wp-content/uploads/placeholder.png in C:\Users\usama\OneDrive\Desktop\EXI 3 - Copy\exiinc.com\about\index.html
Missing image: wp-content/uploads/placeholder.png in C:\Users\usama\OneDrive\Desktop\EXI 3 - Copy\exiinc.com\about\index.html
Missing image: wp-content/uploads/placeholder.png in C:\Users\usama\OneDrive\Desktop\EXI 3 - Copy\exiinc.com\about\index.html
Missing image: wp-content/uploads/placeholder.png in C:\Users\usama\OneDrive\Desktop\EXI 3 - Copy\exiinc.com\about\index.html
Missing image: wp-content/uploads/placeholder.png in C:\Users\usama\OneDrive\Desktop\EXI 3 - Copy\exiinc.com\about\history\index.html
Missing image: wp-content/uploads/placeholder.png in C:\Users\usama\OneDrive\Desktop\EXI 3 - Copy\exiinc.com\about\history\index.html
Missing image: wp-content/uploads/placeholder.png in C:\Users\usama\OneDrive\Desktop\EXI 3 - Copy\exiinc.com\about\history\index.html
Missing image: wp-content/uploads/placeholder.png in C:\Users\usama\OneDrive\Desktop\EXI 3 - Copy\exiinc.com\about\history\index.html
Missing image: wp-content/uploads/placeholder.png in C:\Users\usama\OneDrive\Desktop\EXI 3 - Copy\exiinc.com\about\history\index.html
Missing image: wp-content/uploads/placeholder.png in C:\Users\usama\OneDrive\Desktop\EXI 3 - Copy\exiinc.com\about\history\index.html
Missing image: wp-content/uploads/placeholder.png in C:\Users\usama\OneDrive\Desktop\EXI 3 - Copy\exiinc.com\about\history\index.html
Missing image: wp-content/uploads/placeholder.png in C:\Users\usama\OneDrive\Desktop\EXI 3 - Copy\exiinc.com\about\history\index.html
Missing image: wp-content/uploads/placeholder.png in C:\Users\usama\OneDrive\Desktop\EXI 3 - Copy\exiinc.com\about\history\index.html
Missing image: wp-content/uploads/placeholder.png in C:\Users\usama\OneDrive\Desktop\EXI 3 - Copy\exiinc.com\about\history\index.html
Missing image: wp-content/uploads/placeholder.png in C:\Users\usama\OneDrive\Desktop\EXI 3 - Copy\exiinc.com\about\history\index.html
Missing image: wp-content/uploads/placeholder.png in C:\Users\usama\OneDrive\Desktop\EXI 3 - Copy\exiinc.com\about\history\index.html
Missing image: wp-content/uploads/placeholder.png in C:\Users\usama\OneDrive\Desktop\EXI 3 - Copy\exiinc.com\about\history\index.html
Missing image: wp-content/uploads/placeholder.png in C:\Users\usama\OneDrive\Desktop\EXI 3 - Copy\exiinc.com\about\history\index.html
Missing image: wp-content/uploads/placeholder.png in C:\Users\usama\OneDrive\Desktop\EXI 3 - Copy\exiinc.com\about\history\index.html
Missing image: wp-content/uploads/placeholder.png in C:\Users\usama\OneDrive\Desktop\EXI 3 - Copy\exiinc.com\about\history\index.html
Missing image: wp-content/uploads/placeholder.png in C:\Users\usama\OneDrive\Desktop\EXI 3 - Copy\exiinc.com\about\history\index.html
Missing image: wp-content/uploads/placeholder.png in C:\Users\usama\OneDrive\Desktop\EXI 3 - Copy\exiinc.com\about\history\index.html
Missing image: wp-content/uploads/placeholder.png in C:\Users\usama\OneDrive\Desktop\EXI 3 - Copy\exiinc.com\about\history\index.html
Missing image: wp-content/uploads/placeholder.png in C:\Users\usama\OneDrive\Desktop\EXI 3 - Copy\exiinc.com\capabilities\index.html
Missing image: wp-content/uploads/placeholder.png in C:\Users\usama\OneDrive\Desktop\EXI 3 - Copy\exiinc.com\capabilities\index.html
Missing image: wp-content/uploads/placeholder.png in C:\Users\usama\OneDrive\Desktop\EXI 3 - Copy\exiinc.com\capabilities\index.html
Missing image: wp-content/uploads/placeholder.png in C:\Users\usama\OneDrive\Desktop\EXI 3 - Copy\exiinc.com\capabilities\index.html
Missing image: wp-content/uploads/placeholder.png in C:\Users\usama\OneDrive\Desktop\EXI 3 - Copy\exiinc.com\capabilities\index.html
Missing image: wp-content/uploads/placeholder.png in C:\Users\usama\OneDrive\Desktop\EXI 3 - Copy\exiinc.com\capabilities\index.html
Missing image: wp-content/uploads/placeholder.png in C:\Users\usama\OneDrive\Desktop\EXI 3 - Copy\exiinc.com\capabilities\index.html
Missing image: wp-content/uploads/placeholder.png in C:\Users\usama\OneDrive\Desktop\EXI 3 - Copy\exiinc.com\capabilities\index.html
Missing image: wp-content/uploads/placeholder.png in C:\Users\usama\OneDrive\Desktop\EXI 3 - Copy\exiinc.com\capabilities\index.html
Missing image: wp-content/uploads/placeholder.png in C:\Users\usama\OneDrive\Desktop\EXI 3 - Copy\exiinc.com\capabilities\index.html
Missing image: wp-content/uploads/placeholder.png in C:\Users\usama\OneDrive\Desktop\EXI 3 - Copy\exiinc.com\capabilities\index.html
Missing image: wp-content/uploads/placeholder.png in C:\Users\usama\OneDrive\Desktop\EXI 3 - Copy\exiinc.com\capabilities\index.html
Missing image: wp-content/uploads/placeholder.png in C:\Users\usama\OneDrive\Desktop\EXI 3 - Copy\exiinc.com\capabilities\index.html
Missing image: wp-content/uploads/placeholder.png in C:\Users\usama\OneDrive\Desktop\EXI 3 - Copy\exiinc.com\capabilities\commercial-industrial-construction\index.html
Missing image: wp-content/uploads/placeholder.png in C:\Users\usama\OneDrive\Desktop\EXI 3 - Copy\exiinc.com\capabilities\commercial-industrial-construction\index.html
Missing image: wp-content/uploads/placeholder.png in C:\Users\usama\OneDrive\Desktop\EXI 3 - Copy\exiinc.com\capabilities\commercial-industrial-construction\index.html
Missing image: wp-content/uploads/placeholder.png in C:\Users\usama\OneDrive\Desktop\EXI 3 - Copy\exiinc.com\capabilities\commercial-industrial-construction\index.html
Missing image: wp-content/uploads/placeholder.png in C:\Users\usama\OneDrive\Desktop\EXI 3 - Copy\exiinc.com\capabilities\commercial-industrial-construction\index.html
Missing image: wp-content/uploads/placeholder.png in C:\Users\usama\OneDrive\Desktop\EXI 3 - Copy\exiinc.com\capabilities\commercial-industrial-construction\index.html
Missing image: wp-content/uploads/placeholder.png in C:\Users\usama\OneDrive\Desktop\EXI 3 - Copy\exiinc.com\capabilities\commercial-industrial-construction\index.html
Missing image: wp-content/uploads/placeholder.png in C:\Users\usama\OneDrive\Desktop\EXI 3 - Copy\exiinc.com\capabilities\commercial-industrial-construction\index.html
Missing image: wp-content/uploads/placeholder.png in C:\Users\usama\OneDrive\Desktop\EXI 3 - Copy\exiinc.com\capabilities\commercial-industrial-construction\index.html
Missing image: wp-content/uploads/placeholder.png in C:\Users\usama\OneDrive\Desktop\EXI 3 - Copy\exiinc.com\capabilities\commercial-industrial-construction\index.html
Missing image: wp-content/uploads/placeholder.png in C:\Users\usama\OneDrive\Desktop\EXI 3 - Copy\exiinc.com\capabilities\commercial-industrial-construction\index.html
Missing image: wp-content/uploads/placeholder.png in C:\Users\usama\OneDrive\Desktop\EXI 3 - Copy\exiinc.com\capabilities\distribution-construction\index.html
Missing image: wp-content/uploads/placeholder.png in C:\Users\usama\OneDrive\Desktop\EXI 3 - Copy\exiinc.com\capabilities\distribution-construction\index.html
Missing image: wp-content/uploads/placeholder.png in C:\Users\usama\OneDrive\Desktop\EXI 3 - Copy\exiinc.com\capabilities\distribution-construction\index.html
Missing image: wp-content/uploads/placeholder.png in C:\Users\usama\OneDrive\Desktop\EXI 3 - Copy\exiinc.com\capabilities\distribution-construction\index.html
Missing image: wp-content/uploads/placeholder.png in C:\Users\usama\OneDrive\Desktop\EXI 3 - Copy\exiinc.com\capabilities\distribution-construction\index.html
Missing image: wp-content/uploads/placeholder.png in C:\Users\usama\OneDrive\Desktop\EXI 3 - Copy\exiinc.com\capabilities\distribution-construction\index.html
Missing image: wp-content/uploads/placeholder.png in C:\Users\usama\OneDrive\Desktop\EXI 3 - Copy\exiinc.com\capabilities\distribution-construction\index.html
Missing image: wp-content/uploads/placeholder.png in C:\Users\usama\OneDrive\Desktop\EXI 3 - Copy\exiinc.com\capabilities\distribution-construction\index.html
Missing image: wp-content/uploads/placeholder.png in C:\Users\usama\OneDrive\Desktop\EXI 3 - Copy\exiinc.com\capabilities\distribution-construction\index.html
Missing image: wp-content/uploads/placeholder.png in C:\Users\usama\OneDrive\Desktop\EXI 3 - Copy\exiinc.com\capabilities\distribution-construction\index.html
Missing image: wp-content/uploads/placeholder.png in C:\Users\usama\OneDrive\Desktop\EXI 3 - Copy\exiinc.com\capabilities\emergency-restoration\index.html
Missing image: wp-content/uploads/placeholder.png in C:\Users\usama\OneDrive\Desktop\EXI 3 - Copy\exiinc.com\capabilities\emergency-restoration\index.html
Missing image: wp-content/uploads/placeholder.png in C:\Users\usama\OneDrive\Desktop\EXI 3 - Copy\exiinc.com\capabilities\emergency-restoration\index.html
Missing image: wp-content/uploads/placeholder.png in C:\Users\usama\OneDrive\Desktop\EXI 3 - Copy\exiinc.com\capabilities\emergency-restoration\index.html
Missing image: wp-content/uploads/placeholder.png in C:\Users\usama\OneDrive\Desktop\EXI 3 - Copy\exiinc.com\capabilities\emergency-restoration\index.html
Missing image: wp-content/uploads/placeholder.png in C:\Users\usama\OneDrive\Desktop\EXI 3 - Copy\exiinc.com\capabilities\emergency-restoration\index.html
Missing image: wp-content/uploads/placeholder.png in C:\Users\usama\OneDrive\Desktop\EXI 3 - Copy\exiinc.com\capabilities\emergency-restoration\index.html
Missing image: wp-content/uploads/placeholder.png in C:\Users\usama\OneDrive\Desktop\EXI 3 - Copy\exiinc.com\capabilities\emergency-restoration\index.html
Missing image: wp-content/uploads/placeholder.png in C:\Users\usama\OneDrive\Desktop\EXI 3 - Copy\exiinc.com\capabilities\epc-ipd-delivery-models\index.html
Missing image: wp-content/uploads/placeholder.png in C:\Users\usama\OneDrive\Desktop\EXI 3 - Copy\exiinc.com\capabilities\epc-ipd-delivery-models\index.html
Missing image: wp-content/uploads/placeholder.png in C:\Users\usama\OneDrive\Desktop\EXI 3 - Copy\exiinc.com\capabilities\epc-ipd-delivery-models\index.html
Missing image: wp-content/uploads/placeholder.png in C:\Users\usama\OneDrive\Desktop\EXI 3 - Copy\exiinc.com\capabilities\epc-ipd-delivery-models\index.html
Missing image: wp-content/uploads/placeholder.png in C:\Users\usama\OneDrive\Desktop\EXI 3 - Copy\exiinc.com\capabilities\epc-ipd-delivery-models\index.html
Missing image: wp-content/uploads/placeholder.png in C:\Users\usama\OneDrive\Desktop\EXI 3 - Copy\exiinc.com\capabilities\epc-ipd-delivery-models\index.html
Missing image: wp-content/uploads/placeholder.png in C:\Users\usama\OneDrive\Desktop\EXI 3 - Copy\exiinc.com\capabilities\epc-ipd-delivery-models\index.html
Missing image: wp-content/uploads/placeholder.png in C:\Users\usama\OneDrive\Desktop\EXI 3 - Copy\exiinc.com\capabilities\epc-ipd-delivery-models\index.html
Missing image: wp-content/uploads/placeholder.png in C:\Users\usama\OneDrive\Desktop\EXI 3 - Copy\exiinc.com\capabilities\epc-ipd-delivery-models\index.html
Missing image: wp-content/uploads/placeholder.png in C:\Users\usama\OneDrive\Desktop\EXI 3 - Copy\exiinc.com\capabilities\epc-ipd-delivery-models\index.html
Missing image: wp-content/uploads/placeholder.png in C:\Users\usama\OneDrive\Desktop\EXI 3 - Copy\exiinc.com\capabilities\epc-ipd-delivery-models\index.html
Missing image: wp-content/uploads/placeholder.png in C:\Users\usama\OneDrive\Desktop\EXI 3 - Copy\exiinc.com\capabilities\fleet-resources\index.html
Missing image: wp-content/uploads/placeholder.png in C:\Users\usama\OneDrive\Desktop\EXI 3 - Copy\exiinc.com\capabilities\fleet-resources\index.html
Missing image: wp-content/uploads/placeholder.png in C:\Users\usama\OneDrive\Desktop\EXI 3 - Copy\exiinc.com\capabilities\fleet-resources\index.html
Missing image: wp-content/uploads/placeholder.png in C:\Users\usama\OneDrive\Desktop\EXI 3 - Copy\exiinc.com\capabilities\fleet-resources\index.html
Missing image: wp-content/uploads/placeholder.png in C:\Users\usama\OneDrive\Desktop\EXI 3 - Copy\exiinc.com\capabilities\fleet-resources\index.html
Missing image: wp-content/uploads/placeholder.png in C:\Users\usama\OneDrive\Desktop\EXI 3 - Copy\exiinc.com\capabilities\fleet-resources\index.html
Missing image: wp-content/uploads/placeholder.png in C:\Users\usama\OneDrive\Desktop\EXI 3 - Copy\exiinc.com\capabilities\fleet-resources\index.html
Missing image: wp-content/uploads/placeholder.png in C:\Users\usama\OneDrive\Desktop\EXI 3 - Copy\exiinc.com\capabilities\fleet-resources\index.html
Missing image: wp-content/uploads/placeholder.png in C:\Users\usama\OneDrive\Desktop\EXI 3 - Copy\exiinc.com\capabilities\fleet-resources\index.html
Missing image: wp-content/uploads/placeholder.png in C:\Users\usama\OneDrive\Desktop\EXI 3 - Copy\exiinc.com\capabilities\labor-resources\index.html
Missing image: wp-content/uploads/placeholder.png in C:\Users\usama\OneDrive\Desktop\EXI 3 - Copy\exiinc.com\capabilities\labor-resources\index.html
Missing image: wp-content/uploads/placeholder.png in C:\Users\usama\OneDrive\Desktop\EXI 3 - Copy\exiinc.com\capabilities\labor-resources\index.html
Missing image: wp-content/uploads/placeholder.png in C:\Users\usama\OneDrive\Desktop\EXI 3 - Copy\exiinc.com\capabilities\labor-resources\index.html
Missing image: wp-content/uploads/placeholder.png in C:\Users\usama\OneDrive\Desktop\EXI 3 - Copy\exiinc.com\capabilities\labor-resources\index.html
Missing image: wp-content/uploads/placeholder.png in C:\Users\usama\OneDrive\Desktop\EXI 3 - Copy\exiinc.com\capabilities\labor-resources\index.html
Missing image: wp-content/uploads/placeholder.png in C:\Users\usama\OneDrive\Desktop\EXI 3 - Copy\exiinc.com\capabilities\labor-resources\index.html
Missing image: wp-content/uploads/placeholder.png in C:\Users\usama\OneDrive\Desktop\EXI 3 - Copy\exiinc.com\capabilities\labor-resources\index.html
Missing image: wp-content/uploads/placeholder.png in C:\Users\usama\OneDrive\Desktop\EXI 3 - Copy\exiinc.com\capabilities\labor-resources\index.html
Missing image: wp-content/uploads/placeholder.png in C:\Users\usama\OneDrive\Desktop\EXI 3 - Copy\exiinc.com\capabilities\labor-resources\index.html
Missing image: wp-content/uploads/placeholder.png in C:\Users\usama\OneDrive\Desktop\EXI 3 - Copy\exiinc.com\capabilities\labor-resources\index.html
Missing image: wp-content/uploads/placeholder.png in C:\Users\usama\OneDrive\Desktop\EXI 3 - Copy\exiinc.com\capabilities\project-certainty\index.html
Missing image: wp-content/uploads/placeholder.png in C:\Users\usama\OneDrive\Desktop\EXI 3 - Copy\exiinc.com\capabilities\project-certainty\index.html
Missing image: wp-content/uploads/placeholder.png in C:\Users\usama\OneDrive\Desktop\EXI 3 - Copy\exiinc.com\capabilities\project-certainty\index.html
Missing image: wp-content/uploads/placeholder.png in C:\Users\usama\OneDrive\Desktop\EXI 3 - Copy\exiinc.com\capabilities\project-certainty\index.html
Missing image: wp-content/uploads/placeholder.png in C:\Users\usama\OneDrive\Desktop\EXI 3 - Copy\exiinc.com\capabilities\project-certainty\index.html
Missing image: wp-content/uploads/placeholder.png in C:\Users\usama\OneDrive\Desktop\EXI 3 - Copy\exiinc.com\capabilities\project-certainty\index.html
Missing image: wp-content/uploads/placeholder.png in C:\Users\usama\OneDrive\Desktop\EXI 3 - Copy\exiinc.com\capabilities\project-certainty\index.html
Missing image: wp-content/uploads/placeholder.png in C:\Users\usama\OneDrive\Desktop\EXI 3 - Copy\exiinc.com\capabilities\project-certainty\index.html
Missing image: wp-content/uploads/placeholder.png in C:\Users\usama\OneDrive\Desktop\EXI 3 - Copy\exiinc.com\capabilities\project-certainty\index.html
Missing image: wp-content/uploads/placeholder.png in C:\Users\usama\OneDrive\Desktop\EXI 3 - Copy\exiinc.com\capabilities\project-certainty\index.html
Missing image: wp-content/uploads/placeholder.png in C:\Users\usama\OneDrive\Desktop\EXI 3 - Copy\exiinc.com\capabilities\project-certainty\index.html
Missing image: wp-content/uploads/placeholder.png in C:\Users\usama\OneDrive\Desktop\EXI 3 - Copy\exiinc.com\capabilities\project-certainty\index.html
Missing image: wp-content/uploads/placeholder.png in C:\Users\usama\OneDrive\Desktop\EXI 3 - Copy\exiinc.com\capabilities\project-certainty\index.html
Missing image: wp-content/uploads/placeholder.png in C:\Users\usama\OneDrive\Desktop\EXI 3 - Copy\exiinc.com\capabilities\project-certainty\index.html
Missing image: wp-content/uploads/placeholder.png in C:\Users\usama\OneDrive\Desktop\EXI 3 - Copy\exiinc.com\capabilities\renewable-energy\index.html
Missing image: wp-content/uploads/placeholder.png in C:\Users\usama\OneDrive\Desktop\EXI 3 - Copy\exiinc.com\capabilities\renewable-energy\index.html
Missing image: wp-content/uploads/placeholder.png in C:\Users\usama\OneDrive\Desktop\EXI 3 - Copy\exiinc.com\capabilities\renewable-energy\index.html
Missing image: wp-content/uploads/placeholder.png in C:\Users\usama\OneDrive\Desktop\EXI 3 - Copy\exiinc.com\capabilities\renewable-energy\index.html
Missing image: wp-content/uploads/placeholder.png in C:\Users\usama\OneDrive\Desktop\EXI 3 - Copy\exiinc.com\capabilities\renewable-energy\index.html
Missing image: wp-content/uploads/placeholder.png in C:\Users\usama\OneDrive\Desktop\EXI 3 - Copy\exiinc.com\capabilities\renewable-energy\index.html
Missing image: wp-content/uploads/placeholder.png in C:\Users\usama\OneDrive\Desktop\EXI 3 - Copy\exiinc.com\capabilities\renewable-energy\index.html
Missing image: wp-content/uploads/placeholder.png in C:\Users\usama\OneDrive\Desktop\EXI 3 - Copy\exiinc.com\capabilities\renewable-energy\index.html
Missing image: wp-content/uploads/placeholder.png in C:\Users\usama\OneDrive\Desktop\EXI 3 - Copy\exiinc.com\capabilities\substation-construction\index.html
Missing image: wp-content/uploads/placeholder.png in C:\Users\usama\OneDrive\Desktop\EXI 3 - Copy\exiinc.com\capabilities\substation-construction\index.html
Missing image: wp-content/uploads/placeholder.png in C:\Users\usama\OneDrive\Desktop\EXI 3 - Copy\exiinc.com\capabilities\substation-construction\index.html
Missing image: wp-content/uploads/placeholder.png in C:\Users\usama\OneDrive\Desktop\EXI 3 - Copy\exiinc.com\capabilities\substation-construction\index.html
Missing image: wp-content/uploads/placeholder.png in C:\Users\usama\OneDrive\Desktop\EXI 3 - Copy\exiinc.com\capabilities\substation-construction\index.html
Missing image: wp-content/uploads/placeholder.png in C:\Users\usama\OneDrive\Desktop\EXI 3 - Copy\exiinc.com\capabilities\substation-construction\index.html
Missing image: wp-content/uploads/placeholder.png in C:\Users\usama\OneDrive\Desktop\EXI 3 - Copy\exiinc.com\capabilities\substation-construction\index.html
Missing image: wp-content/uploads/placeholder.png in C:\Users\usama\OneDrive\Desktop\EXI 3 - Copy\exiinc.com\capabilities\substation-construction\index.html
Missing image: wp-content/uploads/placeholder.png in C:\Users\usama\OneDrive\Desktop\EXI 3 - Copy\exiinc.com\capabilities\substation-construction\index.html
Missing image: wp-content/uploads/placeholder.png in C:\Users\usama\OneDrive\Desktop\EXI 3 - Copy\exiinc.com\capabilities\substation-construction\index.html
Missing image: wp-content/uploads/placeholder.png in C:\Users\usama\OneDrive\Desktop\EXI 3 - Copy\exiinc.com\capabilities\transmission-construction\index.html
Missing image: wp-content/uploads/placeholder.png in C:\Users\usama\OneDrive\Desktop\EXI 3 - Copy\exiinc.com\capabilities\transmission-construction\index.html
Missing image: wp-content/uploads/placeholder.png in C:\Users\usama\OneDrive\Desktop\EXI 3 - Copy\exiinc.com\capabilities\transmission-construction\index.html
Missing image: wp-content/uploads/placeholder.png in C:\Users\usama\OneDrive\Desktop\EXI 3 - Copy\exiinc.com\capabilities\transmission-construction\index.html
Missing image: wp-content/uploads/placeholder.png in C:\Users\usama\OneDrive\Desktop\EXI 3 - Copy\exiinc.com\capabilities\transmission-construction\index.html
Missing image: wp-content/uploads/placeholder.png in C:\Users\usama\OneDrive\Desktop\EXI 3 - Copy\exiinc.com\capabilities\transmission-construction\index.html
Missing image: wp-content/uploads/placeholder.png in C:\Users\usama\OneDrive\Desktop\EXI 3 - Copy\exiinc.com\capabilities\transmission-construction\index.html
Missing image: wp-content/uploads/placeholder.png in C:\Users\usama\OneDrive\Desktop\EXI 3 - Copy\exiinc.com\capabilities\transmission-construction\index.html
Missing image: wp-content/uploads/placeholder.png in C:\Users\usama\OneDrive\Desktop\EXI 3 - Copy\exiinc.com\capabilities\transmission-construction\index.html
Missing image: wp-content/uploads/placeholder.png in C:\Users\usama\OneDrive\Desktop\EXI 3 - Copy\exiinc.com\capabilities\transmission-construction\index.html
Missing image: wp-content/uploads/placeholder.png in C:\Users\usama\OneDrive\Desktop\EXI 3 - Copy\exiinc.com\capabilities\transportation-construction\index.html
Missing image: wp-content/uploads/placeholder.png in C:\Users\usama\OneDrive\Desktop\EXI 3 - Copy\exiinc.com\capabilities\transportation-construction\index.html
Missing image: wp-content/uploads/placeholder.png in C:\Users\usama\OneDrive\Desktop\EXI 3 - Copy\exiinc.com\capabilities\transportation-construction\index.html
Missing image: wp-content/uploads/placeholder.png in C:\Users\usama\OneDrive\Desktop\EXI 3 - Copy\exiinc.com\capabilities\transportation-construction\index.html
Missing image: wp-content/uploads/placeholder.png in C:\Users\usama\OneDrive\Desktop\EXI 3 - Copy\exiinc.com\capabilities\transportation-construction\index.html
Missing image: wp-content/uploads/placeholder.png in C:\Users\usama\OneDrive\Desktop\EXI 3 - Copy\exiinc.com\capabilities\transportation-construction\index.html
Missing image: wp-content/uploads/placeholder.png in C:\Users\usama\OneDrive\Desktop\EXI 3 - Copy\exiinc.com\capabilities\transportation-construction\index.html
Missing image: wp-content/uploads/placeholder.png in C:\Users\usama\OneDrive\Desktop\EXI 3 - Copy\exiinc.com\capabilities\transportation-construction\index.html
Missing image: wp-content/uploads/placeholder.png in C:\Users\usama\OneDrive\Desktop\EXI 3 - Copy\exiinc.com\capabilities\transportation-construction\index.html
Missing image: wp-content/uploads/placeholder.png in C:\Users\usama\OneDrive\Desktop\EXI 3 - Copy\exiinc.com\community-engagement\index.html
Missing image: wp-content/uploads/placeholder.png in C:\Users\usama\OneDrive\Desktop\EXI 3 - Copy\exiinc.com\community-engagement\index.html
Missing image: wp-content/uploads/placeholder.png in C:\Users\usama\OneDrive\Desktop\EXI 3 - Copy\exiinc.com\community-engagement\index.html
Missing image: wp-content/uploads/placeholder.png in C:\Users\usama\OneDrive\Desktop\EXI 3 - Copy\exiinc.com\community-engagement\index.html
Missing image: wp-content/uploads/placeholder.png in C:\Users\usama\OneDrive\Desktop\EXI 3 - Copy\exiinc.com\community-engagement\index.html
Missing image: wp-content/uploads/placeholder.png in C:\Users\usama\OneDrive\Desktop\EXI 3 - Copy\exiinc.com\community-engagement\index.html
Missing image: wp-content/uploads/placeholder.png in C:\Users\usama\OneDrive\Desktop\EXI 3 - Copy\exiinc.com\community-engagement\index.html
Missing image: wp-content/uploads/placeholder.png in C:\Users\usama\OneDrive\Desktop\EXI 3 - Copy\exiinc.com\community-engagement\index.html
Missing image: wp-content/uploads/placeholder.png in C:\Users\usama\OneDrive\Desktop\EXI 3 - Copy\exiinc.com\community-engagement\index.html
Missing image: wp-content/uploads/placeholder.png in C:\Users\usama\OneDrive\Desktop\EXI 3 - Copy\exiinc.com\community-engagement\index.html
Missing image: wp-content/uploads/placeholder.png in C:\Users\usama\OneDrive\Desktop\EXI 3 - Copy\exiinc.com\community-engagement\index.html
Missing image: wp-content/uploads/placeholder.png in C:\Users\usama\OneDrive\Desktop\EXI 3 - Copy\exiinc.com\community-engagement\index.html
Missing image: wp-content/uploads/placeholder.png in C:\Users\usama\OneDrive\Desktop\EXI 3 - Copy\exiinc.com\community-engagement\index.html
Missing image: wp-content/uploads/placeholder.png in C:\Users\usama\OneDrive\Desktop\EXI 3 - Copy\exiinc.com\community-engagement\index.html
Missing image: wp-content/uploads/placeholder.png in C:\Users\usama\OneDrive\Desktop\EXI 3 - Copy\exiinc.com\community-engagement\index.html
Missing image: wp-content/uploads/placeholder.png in C:\Users\usama\OneDrive\Desktop\EXI 3 - Copy\exiinc.com\community-engagement\index.html
Missing image: wp-content/uploads/placeholder.png in C:\Users\usama\OneDrive\Desktop\EXI 3 - Copy\exiinc.com\community-engagement\index.html
Missing image: wp-content/uploads/placeholder.png in C:\Users\usama\OneDrive\Desktop\EXI 3 - Copy\exiinc.com\community-engagement\index.html
Missing image: wp-content/uploads/placeholder.png in C:\Users\usama\OneDrive\Desktop\EXI 3 - Copy\exiinc.com\community-engagement\index.html
Missing image: wp-content/uploads/placeholder.png in C:\Users\usama\OneDrive\Desktop\EXI 3 - Copy\exiinc.com\community-engagement\index.html
Missing image: wp-content/uploads/placeholder.png in C:\Users\usama\OneDrive\Desktop\EXI 3 - Copy\exiinc.com\community-engagement\index.html
Missing image: wp-content/uploads/placeholder.png in C:\Users\usama\OneDrive\Desktop\EXI 3 - Copy\exiinc.com\community-engagement\index.html
Missing image: wp-content/uploads/placeholder.png in C:\Users\usama\OneDrive\Desktop\EXI 3 - Copy\exiinc.com\community-engagement\index.html
Missing image: wp-content/uploads/placeholder.png in C:\Users\usama\OneDrive\Desktop\EXI 3 - Copy\exiinc.com\community-engagement\index.html
Missing image: wp-content/uploads/placeholder.png in C:\Users\usama\OneDrive\Desktop\EXI 3 - Copy\exiinc.com\community-engagement\index.html
Missing image: wp-content/uploads/placeholder.png in C:\Users\usama\OneDrive\Desktop\EXI 3 - Copy\exiinc.com\community-engagement\index.html
Missing image: wp-content/uploads/placeholder.png in C:\Users\usama\OneDrive\Desktop\EXI 3 - Copy\exiinc.com\community-engagement\index.html
Missing image: wp-content/uploads/placeholder.png in C:\Users\usama\OneDrive\Desktop\EXI 3 - Copy\exiinc.com\contact\vendors\index.html
Missing image: wp-content/uploads/placeholder.png in C:\Users\usama\OneDrive\Desktop\EXI 3 - Copy\exiinc.com\contact\vendors\index.html
Missing image: wp-content/uploads/placeholder.png in C:\Users\usama\OneDrive\Desktop\EXI 3 - Copy\exiinc.com\contact\vendors\index.html
Missing image: wp-content/uploads/placeholder.png in C:\Users\usama\OneDrive\Desktop\EXI 3 - Copy\exiinc.com\contact\vendors\index.html
Missing image: wp-content/uploads/placeholder.png in C:\Users\usama\OneDrive\Desktop\EXI 3 - Copy\exiinc.com\leadership\index.html
Missing image: wp-content/uploads/placeholder.png in C:\Users\usama\OneDrive\Desktop\EXI 3 - Copy\exiinc.com\leadership\index.html
Missing image: wp-content/uploads/placeholder.png in C:\Users\usama\OneDrive\Desktop\EXI 3 - Copy\exiinc.com\leadership\index.html
Missing image: wp-content/uploads/placeholder.png in C:\Users\usama\OneDrive\Desktop\EXI 3 - Copy\exiinc.com\leadership\index.html
Missing image: wp-content/uploads/placeholder.png in C:\Users\usama\OneDrive\Desktop\EXI 3 - Copy\exiinc.com\leadership\index.html
Missing image: wp-content/uploads/placeholder.png in C:\Users\usama\OneDrive\Desktop\EXI 3 - Copy\exiinc.com\leadership\index.html
Missing image: wp-content/uploads/placeholder.png in C:\Users\usama\OneDrive\Desktop\EXI 3 - Copy\exiinc.com\leadership\index.html
Missing image: wp-content/uploads/placeholder.png in C:\Users\usama\OneDrive\Desktop\EXI 3 - Copy\exiinc.com\leadership\index.html
Missing image: wp-content/uploads/placeholder.png in C:\Users\usama\OneDrive\Desktop\EXI 3 - Copy\exiinc.com\leadership\index.html
Missing image: wp-content/uploads/placeholder.png in C:\Users\usama\OneDrive\Desktop\EXI 3 - Copy\exiinc.com\leadership\index.html
Missing image: wp-content/uploads/placeholder.png in C:\Users\usama\OneDrive\Desktop\EXI 3 - Copy\exiinc.com\leadership\index.html
Missing image: wp-content/uploads/placeholder.png in C:\Users\usama\OneDrive\Desktop\EXI 3 - Copy\exiinc.com\leadership\index.html
Missing image: wp-content/uploads/placeholder.png in C:\Users\usama\OneDrive\Desktop\EXI 3 - Copy\exiinc.com\leadership\index.html
Missing image: wp-content/uploads/placeholder.png in C:\Users\usama\OneDrive\Desktop\EXI 3 - Copy\exiinc.com\leadership\index.html
Missing image: wp-content/uploads/placeholder.png in C:\Users\usama\OneDrive\Desktop\EXI 3 - Copy\exiinc.com\leadership\index.html
Missing image: wp-content/uploads/placeholder.png in C:\Users\usama\OneDrive\Desktop\EXI 3 - Copy\exiinc.com\leadership\index.html
Missing image: wp-content/uploads/placeholder.png in C:\Users\usama\OneDrive\Desktop\EXI 3 - Copy\exiinc.com\projects\index.html
Missing image: wp-content/uploads/placeholder.png in C:\Users\usama\OneDrive\Desktop\EXI 3 - Copy\exiinc.com\projects\index.html
Missing image: wp-content/uploads/placeholder.png in C:\Users\usama\OneDrive\Desktop\EXI 3 - Copy\exiinc.com\projects\index.html
Missing image: wp-content/uploads/placeholder.png in C:\Users\usama\OneDrive\Desktop\EXI 3 - Copy\exiinc.com\projects\index.html
Missing image: wp-content/uploads/placeholder.png in C:\Users\usama\OneDrive\Desktop\EXI 3 - Copy\exiinc.com\projects\index.html
Missing image: wp-content/uploads/placeholder.png in C:\Users\usama\OneDrive\Desktop\EXI 3 - Copy\exiinc.com\projects\index.html
Missing image: wp-content/uploads/placeholder.png in C:\Users\usama\OneDrive\Desktop\EXI 3 - Copy\exiinc.com\projects\index.html
Missing image: wp-content/uploads/placeholder.png in C:\Users\usama\OneDrive\Desktop\EXI 3 - Copy\exiinc.com\projects\index.html
Missing image: wp-content/uploads/placeholder.png in C:\Users\usama\OneDrive\Desktop\EXI 3 - Copy\exiinc.com\projects\index.html
Missing image: wp-content/uploads/placeholder.png in C:\Users\usama\OneDrive\Desktop\EXI 3 - Copy\exiinc.com\projects\index.html
Missing image: wp-content/uploads/placeholder.png in C:\Users\usama\OneDrive\Desktop\EXI 3 - Copy\exiinc.com\projects\index.html
Missing image: wp-content/uploads/placeholder.png in C:\Users\usama\OneDrive\Desktop\EXI 3 - Copy\exiinc.com\projects\index.html
Missing image: wp-content/uploads/placeholder.png in C:\Users\usama\OneDrive\Desktop\EXI 3 - Copy\exiinc.com\projects\index.html
Missing image: wp-content/uploads/placeholder.png in C:\Users\usama\OneDrive\Desktop\EXI 3 - Copy\exiinc.com\projects\index.html
Missing image: wp-content/uploads/placeholder.png in C:\Users\usama\OneDrive\Desktop\EXI 3 - Copy\exiinc.com\projects\index.html
Missing image: wp-content/uploads/placeholder.png in C:\Users\usama\OneDrive\Desktop\EXI 3 - Copy\exiinc.com\projects\index.html
Missing image: wp-content/uploads/placeholder.png in C:\Users\usama\OneDrive\Desktop\EXI 3 - Copy\exiinc.com\projects\index.html
Missing image: wp-content/uploads/placeholder.png in C:\Users\usama\OneDrive\Desktop\EXI 3 - Copy\exiinc.com\projects\index.html
Missing image: wp-content/uploads/placeholder.png in C:\Users\usama\OneDrive\Desktop\EXI 3 - Copy\exiinc.com\projects\index.html
Missing image: wp-content/uploads/placeholder.png in C:\Users\usama\OneDrive\Desktop\EXI 3 - Copy\exiinc.com\projects\index.html
Missing image: wp-content/uploads/placeholder.png in C:\Users\usama\OneDrive\Desktop\EXI 3 - Copy\exiinc.com\projects\index.html
Missing image: wp-content/uploads/placeholder.png in C:\Users\usama\OneDrive\Desktop\EXI 3 - Copy\exiinc.com\projects\index.html
Missing image: wp-content/uploads/placeholder.png in C:\Users\usama\OneDrive\Desktop\EXI 3 - Copy\exiinc.com\projects\index.html
Missing image: wp-content/uploads/placeholder.png in C:\Users\usama\OneDrive\Desktop\EXI 3 - Copy\exiinc.com\projects\index.html
Missing image: wp-content/uploads/placeholder.png in C:\Users\usama\OneDrive\Desktop\EXI 3 - Copy\exiinc.com\projects\index.html
Missing image: wp-content/uploads/placeholder.png in C:\Users\usama\OneDrive\Desktop\EXI 3 - Copy\exiinc.com\projects\index.html
Missing image: wp-content/uploads/placeholder.png in C:\Users\usama\OneDrive\Desktop\EXI 3 - Copy\exiinc.com\projects\index.html
Missing image: wp-content/uploads/placeholder.png in C:\Users\usama\OneDrive\Desktop\EXI 3 - Copy\exiinc.com\projects\index.html
Missing image: wp-content/uploads/placeholder.png in C:\Users\usama\OneDrive\Desktop\EXI 3 - Copy\exiinc.com\projects\index.html
Missing image: wp-content/uploads/placeholder.png in C:\Users\usama\OneDrive\Desktop\EXI 3 - Copy\exiinc.com\projects\index.html
Missing image: wp-content/uploads/placeholder.png in C:\Users\usama\OneDrive\Desktop\EXI 3 - Copy\exiinc.com\projects\index.html
Missing image: wp-content/uploads/placeholder.png in C:\Users\usama\OneDrive\Desktop\EXI 3 - Copy\exiinc.com\projects\index.html
Missing image: wp-content/uploads/placeholder.png in C:\Users\usama\OneDrive\Desktop\EXI 3 - Copy\exiinc.com\projects\index.html
Missing image: wp-content/uploads/placeholder.png in C:\Users\usama\OneDrive\Desktop\EXI 3 - Copy\exiinc.com\projects\index.html
Missing image: wp-content/uploads/placeholder.png in C:\Users\usama\OneDrive\Desktop\EXI 3 - Copy\exiinc.com\projects\index.html
Missing image: wp-content/uploads/placeholder.png in C:\Users\usama\OneDrive\Desktop\EXI 3 - Copy\exiinc.com\projects\index.html
Missing image: wp-content/uploads/placeholder.png in C:\Users\usama\OneDrive\Desktop\EXI 3 - Copy\exiinc.com\projects\index.html
Missing image: wp-content/uploads/placeholder.png in C:\Users\usama\OneDrive\Desktop\EXI 3 - Copy\exiinc.com\projects\index.html
Missing image: wp-content/uploads/placeholder.png in C:\Users\usama\OneDrive\Desktop\EXI 3 - Copy\exiinc.com\projects\index.html
Missing image: wp-content/uploads/placeholder.png in C:\Users\usama\OneDrive\Desktop\EXI 3 - Copy\exiinc.com\projects\index.html
Missing image: wp-content/uploads/placeholder.png in C:\Users\usama\OneDrive\Desktop\EXI 3 - Copy\exiinc.com\projects\index.html
Missing image: wp-content/uploads/placeholder.png in C:\Users\usama\OneDrive\Desktop\EXI 3 - Copy\exiinc.com\projects\index.html
Missing image: wp-content/uploads/placeholder.png in C:\Users\usama\OneDrive\Desktop\EXI 3 - Copy\exiinc.com\projects\index.html
Missing image: wp-content/uploads/placeholder.png in C:\Users\usama\OneDrive\Desktop\EXI 3 - Copy\exiinc.com\projects\index.html
Missing image: wp-content/uploads/placeholder.png in C:\Users\usama\OneDrive\Desktop\EXI 3 - Copy\exiinc.com\projects\index.html
Missing image: wp-content/uploads/placeholder.png in C:\Users\usama\OneDrive\Desktop\EXI 3 - Copy\exiinc.com\projects\index.html
Missing image: wp-content/uploads/placeholder.png in C:\Users\usama\OneDrive\Desktop\EXI 3 - Copy\exiinc.com\projects\index.html
Missing image: wp-content/uploads/placeholder.png in C:\Users\usama\OneDrive\Desktop\EXI 3 - Copy\exiinc.com\projects\index.html
Missing image: wp-content/uploads/placeholder.png in C:\Users\usama\OneDrive\Desktop\EXI 3 - Copy\exiinc.com\projects\index.html
Missing image: wp-content/uploads/placeholder.png in C:\Users\usama\OneDrive\Desktop\EXI 3 - Copy\exiinc.com\projects\index.html
Missing image: wp-content/uploads/placeholder.png in C:\Users\usama\OneDrive\Desktop\EXI 3 - Copy\exiinc.com\projects\index.html
Missing image: wp-content/uploads/placeholder.png in C:\Users\usama\OneDrive\Desktop\EXI 3 - Copy\exiinc.com\projects\index.html
Missing image: wp-content/uploads/placeholder.png in C:\Users\usama\OneDrive\Desktop\EXI 3 - Copy\exiinc.com\projects\index.html
Missing image: wp-content/uploads/placeholder.png in C:\Users\usama\OneDrive\Desktop\EXI 3 - Copy\exiinc.com\projects\index.html
Missing image: wp-content/uploads/placeholder.png in C:\Users\usama\OneDrive\Desktop\EXI 3 - Copy\exiinc.com\projects\index.html
Missing image: wp-content/uploads/placeholder.png in C:\Users\usama\OneDrive\Desktop\EXI 3 - Copy\exiinc.com\projects\index.html
Missing image: wp-content/uploads/placeholder.png in C:\Users\usama\OneDrive\Desktop\EXI 3 - Copy\exiinc.com\projects\index.html
Missing image: wp-content/uploads/placeholder.png in C:\Users\usama\OneDrive\Desktop\EXI 3 - Copy\exiinc.com\projects\index.html
Missing image: wp-content/uploads/placeholder.png in C:\Users\usama\OneDrive\Desktop\EXI 3 - Copy\exiinc.com\projects\index.html
Missing image: wp-content/uploads/placeholder.png in C:\Users\usama\OneDrive\Desktop\EXI 3 - Copy\exiinc.com\projects\index.html
Missing image: wp-content/uploads/placeholder.png in C:\Users\usama\OneDrive\Desktop\EXI 3 - Copy\exiinc.com\projects\index.html
Missing image: wp-content/uploads/placeholder.png in C:\Users\usama\OneDrive\Desktop\EXI 3 - Copy\exiinc.com\projects\index.html
Missing image: wp-content/uploads/placeholder.png in C:\Users\usama\OneDrive\Desktop\EXI 3 - Copy\exiinc.com\projects\index.html
Missing image: wp-content/uploads/placeholder.png in C:\Users\usama\OneDrive\Desktop\EXI 3 - Copy\exiinc.com\projects\765kv-storm-restoration\index.html
Missing image: wp-content/uploads/placeholder.png in C:\Users\usama\OneDrive\Desktop\EXI 3 - Copy\exiinc.com\projects\aeolus-and-anticline-substation-construction-and-jim-bridger-substation-expansion\index.html
Missing image: wp-content/uploads/placeholder.png in C:\Users\usama\OneDrive\Desktop\EXI 3 - Copy\exiinc.com\projects\aeolus-and-anticline-substation-construction-and-jim-bridger-substation-expansion\index.html
Missing image: wp-content/uploads/placeholder.png in C:\Users\usama\OneDrive\Desktop\EXI 3 - Copy\exiinc.com\projects\aeolus-and-anticline-substation-construction-and-jim-bridger-substation-expansion\index.html
Missing image: wp-content/uploads/placeholder.png in C:\Users\usama\OneDrive\Desktop\EXI 3 - Copy\exiinc.com\projects\aeolus-and-anticline-substation-construction-and-jim-bridger-substation-expansion\index.html
Missing image: wp-content/uploads/placeholder.png in C:\Users\usama\OneDrive\Desktop\EXI 3 - Copy\exiinc.com\projects\aeolus-and-anticline-substation-construction-and-jim-bridger-substation-expansion\index.html
Missing image: wp-content/uploads/placeholder.png in C:\Users\usama\OneDrive\Desktop\EXI 3 - Copy\exiinc.com\projects\ameren-alliance\index.html
Missing image: wp-content/uploads/placeholder.png in C:\Users\usama\OneDrive\Desktop\EXI 3 - Copy\exiinc.com\projects\ameren-alliance\index.html
Missing image: wp-content/uploads/placeholder.png in C:\Users\usama\OneDrive\Desktop\EXI 3 - Copy\exiinc.com\projects\ameren-alliance\index.html
Missing image: wp-content/uploads/placeholder.png in C:\Users\usama\OneDrive\Desktop\EXI 3 - Copy\exiinc.com\projects\ameren-alliance\index.html
Missing image: wp-content/uploads/placeholder.png in C:\Users\usama\OneDrive\Desktop\EXI 3 - Copy\exiinc.com\projects\antelope-valley-station-to-judson-345kv-transmission-line\index.html
Missing image: wp-content/uploads/placeholder.png in C:\Users\usama\OneDrive\Desktop\EXI 3 - Copy\exiinc.com\projects\antelope-valley-station-to-judson-345kv-transmission-line\index.html
Missing image: wp-content/uploads/placeholder.png in C:\Users\usama\OneDrive\Desktop\EXI 3 - Copy\exiinc.com\projects\antelope-valley-station-to-judson-345kv-transmission-line\index.html
Missing image: wp-content/uploads/placeholder.png in C:\Users\usama\OneDrive\Desktop\EXI 3 - Copy\exiinc.com\projects\antelope-valley-station-to-judson-345kv-transmission-line\index.html
Missing image: wp-content/uploads/placeholder.png in C:\Users\usama\OneDrive\Desktop\EXI 3 - Copy\exiinc.com\projects\antelope-valley-station-to-judson-345kv-transmission-line\index.html
Missing image: wp-content/uploads/placeholder.png in C:\Users\usama\OneDrive\Desktop\EXI 3 - Copy\exiinc.com\projects\arizona-public-service-alliance\index.html
Missing image: wp-content/uploads/placeholder.png in C:\Users\usama\OneDrive\Desktop\EXI 3 - Copy\exiinc.com\projects\arizona-public-service-alliance\index.html
Missing image: wp-content/uploads/placeholder.png in C:\Users\usama\OneDrive\Desktop\EXI 3 - Copy\exiinc.com\projects\aviation-marker-ball-installation-on-the-big-eddy-knight-500kv-transmission-line\index.html
Missing image: wp-content/uploads/placeholder.png in C:\Users\usama\OneDrive\Desktop\EXI 3 - Copy\exiinc.com\projects\aviation-marker-ball-installation-on-the-big-eddy-knight-500kv-transmission-line\index.html
Missing image: wp-content/uploads/placeholder.png in C:\Users\usama\OneDrive\Desktop\EXI 3 - Copy\exiinc.com\projects\aviation-marker-ball-installation-on-the-big-eddy-knight-500kv-transmission-line\index.html
Missing image: wp-content/uploads/placeholder.png in C:\Users\usama\OneDrive\Desktop\EXI 3 - Copy\exiinc.com\projects\aviation-marker-ball-installation-on-the-big-eddy-knight-500kv-transmission-line\index.html
Missing image: wp-content/uploads/placeholder.png in C:\Users\usama\OneDrive\Desktop\EXI 3 - Copy\exiinc.com\projects\battle-mountain-solar-farm\index.html
Missing image: wp-content/uploads/placeholder.png in C:\Users\usama\OneDrive\Desktop\EXI 3 - Copy\exiinc.com\projects\battle-mountain-solar-farm\index.html
Missing image: wp-content/uploads/placeholder.png in C:\Users\usama\OneDrive\Desktop\EXI 3 - Copy\exiinc.com\projects\battle-mountain-solar-farm\index.html
Missing image: wp-content/uploads/placeholder.png in C:\Users\usama\OneDrive\Desktop\EXI 3 - Copy\exiinc.com\projects\battle-mountain-solar-farm\index.html
Missing image: wp-content/uploads/placeholder.png in C:\Users\usama\OneDrive\Desktop\EXI 3 - Copy\exiinc.com\projects\battle-mountain-solar-farm\index.html
Missing image: wp-content/uploads/placeholder.png in C:\Users\usama\OneDrive\Desktop\EXI 3 - Copy\exiinc.com\projects\battle-mountain-solar-farm\index.html
Missing image: wp-content/uploads/placeholder.png in C:\Users\usama\OneDrive\Desktop\EXI 3 - Copy\exiinc.com\projects\bay-area-infrastructure-i-880-express-lanes\index.html
Missing image: wp-content/uploads/placeholder.png in C:\Users\usama\OneDrive\Desktop\EXI 3 - Copy\exiinc.com\projects\bay-area-infrastructure-i-880-express-lanes\index.html
Missing image: wp-content/uploads/placeholder.png in C:\Users\usama\OneDrive\Desktop\EXI 3 - Copy\exiinc.com\projects\bay-area-infrastructure-i-880-express-lanes\index.html
Missing image: wp-content/uploads/placeholder.png in C:\Users\usama\OneDrive\Desktop\EXI 3 - Copy\exiinc.com\projects\capx-2020-transmission-line-expansion\index.html
Missing image: wp-content/uploads/placeholder.png in C:\Users\usama\OneDrive\Desktop\EXI 3 - Copy\exiinc.com\projects\capx-2020-transmission-line-expansion\index.html
Missing image: wp-content/uploads/placeholder.png in C:\Users\usama\OneDrive\Desktop\EXI 3 - Copy\exiinc.com\projects\capx-2020-transmission-line-expansion\index.html
Missing image: wp-content/uploads/placeholder.png in C:\Users\usama\OneDrive\Desktop\EXI 3 - Copy\exiinc.com\projects\capx-2020-transmission-line-expansion\index.html
Missing image: wp-content/uploads/placeholder.png in C:\Users\usama\OneDrive\Desktop\EXI 3 - Copy\exiinc.com\projects\centerpoint-energy-alliance\index.html
Missing image: wp-content/uploads/placeholder.png in C:\Users\usama\OneDrive\Desktop\EXI 3 - Copy\exiinc.com\projects\centerpoint-energy-alliance\index.html
Missing image: wp-content/uploads/placeholder.png in C:\Users\usama\OneDrive\Desktop\EXI 3 - Copy\exiinc.com\projects\centerpoint-energy-alliance\index.html
Missing image: wp-content/uploads/placeholder.png in C:\Users\usama\OneDrive\Desktop\EXI 3 - Copy\exiinc.com\projects\central-70-project\index.html
Missing image: wp-content/uploads/placeholder.png in C:\Users\usama\OneDrive\Desktop\EXI 3 - Copy\exiinc.com\projects\central-70-project\index.html
Missing image: wp-content/uploads/placeholder.png in C:\Users\usama\OneDrive\Desktop\EXI 3 - Copy\exiinc.com\projects\central-70-project\index.html
Missing image: wp-content/uploads/placeholder.png in C:\Users\usama\OneDrive\Desktop\EXI 3 - Copy\exiinc.com\projects\central-70-project\index.html
Missing image: wp-content/uploads/placeholder.png in C:\Users\usama\OneDrive\Desktop\EXI 3 - Copy\exiinc.com\projects\central-70-project\index.html
Missing image: wp-content/uploads/placeholder.png in C:\Users\usama\OneDrive\Desktop\EXI 3 - Copy\exiinc.com\projects\central-east-energy-connect\index.html
Missing image: wp-content/uploads/placeholder.png in C:\Users\usama\OneDrive\Desktop\EXI 3 - Copy\exiinc.com\projects\central-east-energy-connect\index.html
Missing image: wp-content/uploads/placeholder.png in C:\Users\usama\OneDrive\Desktop\EXI 3 - Copy\exiinc.com\projects\central-east-energy-connect\index.html
Missing image: wp-content/uploads/placeholder.png in C:\Users\usama\OneDrive\Desktop\EXI 3 - Copy\exiinc.com\projects\central-east-energy-connect\index.html
Missing image: wp-content/uploads/placeholder.png in C:\Users\usama\OneDrive\Desktop\EXI 3 - Copy\exiinc.com\projects\central-east-energy-connect\index.html
Missing image: wp-content/uploads/placeholder.png in C:\Users\usama\OneDrive\Desktop\EXI 3 - Copy\exiinc.com\projects\central-east-energy-connect\index.html
Missing image: wp-content/uploads/placeholder.png in C:\Users\usama\OneDrive\Desktop\EXI 3 - Copy\exiinc.com\projects\citizenm-los-angeles-downtown-hotel\index.html
Missing image: wp-content/uploads/placeholder.png in C:\Users\usama\OneDrive\Desktop\EXI 3 - Copy\exiinc.com\projects\citizenm-los-angeles-downtown-hotel\index.html
Missing image: wp-content/uploads/placeholder.png in C:\Users\usama\OneDrive\Desktop\EXI 3 - Copy\exiinc.com\projects\citizenm-los-angeles-downtown-hotel\index.html
Missing image: wp-content/uploads/placeholder.png in C:\Users\usama\OneDrive\Desktop\EXI 3 - Copy\exiinc.com\projects\citizenm-los-angeles-downtown-hotel\index.html
Missing image: wp-content/uploads/placeholder.png in C:\Users\usama\OneDrive\Desktop\EXI 3 - Copy\exiinc.com\projects\coastal-virginia-offshore-wind-pilot-project\index.html
Missing image: wp-content/uploads/placeholder.png in C:\Users\usama\OneDrive\Desktop\EXI 3 - Copy\exiinc.com\projects\coastal-virginia-offshore-wind-pilot-project\index.html
Missing image: wp-content/uploads/placeholder.png in C:\Users\usama\OneDrive\Desktop\EXI 3 - Copy\exiinc.com\projects\coastal-virginia-offshore-wind-pilot-project\index.html
Missing image: wp-content/uploads/placeholder.png in C:\Users\usama\OneDrive\Desktop\EXI 3 - Copy\exiinc.com\projects\coastal-virginia-offshore-wind-pilot-project\index.html
Missing image: wp-content/uploads/placeholder.png in C:\Users\usama\OneDrive\Desktop\EXI 3 - Copy\exiinc.com\projects\coastal-virginia-offshore-wind-pilot-project\index.html
Missing image: wp-content/uploads/placeholder.png in C:\Users\usama\OneDrive\Desktop\EXI 3 - Copy\exiinc.com\projects\cogswell-reservoir-bobcat-fire-restoration\index.html
Missing image: wp-content/uploads/placeholder.png in C:\Users\usama\OneDrive\Desktop\EXI 3 - Copy\exiinc.com\projects\cogswell-reservoir-bobcat-fire-restoration\index.html
Missing image: wp-content/uploads/placeholder.png in C:\Users\usama\OneDrive\Desktop\EXI 3 - Copy\exiinc.com\projects\cogswell-reservoir-bobcat-fire-restoration\index.html
Missing image: wp-content/uploads/placeholder.png in C:\Users\usama\OneDrive\Desktop\EXI 3 - Copy\exiinc.com\projects\cogswell-reservoir-bobcat-fire-restoration\index.html
Missing image: wp-content/uploads/placeholder.png in C:\Users\usama\OneDrive\Desktop\EXI 3 - Copy\exiinc.com\projects\cogswell-reservoir-bobcat-fire-restoration\index.html
Missing image: wp-content/uploads/placeholder.png in C:\Users\usama\OneDrive\Desktop\EXI 3 - Copy\exiinc.com\projects\cogswell-reservoir-bobcat-fire-restoration\index.html
Missing image: wp-content/uploads/placeholder.png in C:\Users\usama\OneDrive\Desktop\EXI 3 - Copy\exiinc.com\projects\covid-19-alternate-care-facility\index.html
Missing image: wp-content/uploads/placeholder.png in C:\Users\usama\OneDrive\Desktop\EXI 3 - Copy\exiinc.com\projects\covid-19-alternate-care-facility\index.html
Missing image: wp-content/uploads/placeholder.png in C:\Users\usama\OneDrive\Desktop\EXI 3 - Copy\exiinc.com\projects\covid-19-alternate-care-facility\index.html
Missing image: wp-content/uploads/placeholder.png in C:\Users\usama\OneDrive\Desktop\EXI 3 - Copy\exiinc.com\projects\covid-19-alternate-care-facility\index.html
Missing image: wp-content/uploads/placeholder.png in C:\Users\usama\OneDrive\Desktop\EXI 3 - Copy\exiinc.com\projects\covid-19-alternate-care-facility\index.html
Missing image: wp-content/uploads/placeholder.png in C:\Users\usama\OneDrive\Desktop\EXI 3 - Copy\exiinc.com\projects\covid-19-alternate-care-facility\index.html
Missing image: wp-content/uploads/placeholder.png in C:\Users\usama\OneDrive\Desktop\EXI 3 - Copy\exiinc.com\projects\covid-19-alternate-care-facility\index.html
Missing image: wp-content/uploads/placeholder.png in C:\Users\usama\OneDrive\Desktop\EXI 3 - Copy\exiinc.com\projects\cross-texas-transmission-ctt-345kv-transmission-line-project\index.html
Missing image: wp-content/uploads/placeholder.png in C:\Users\usama\OneDrive\Desktop\EXI 3 - Copy\exiinc.com\projects\cross-texas-transmission-ctt-345kv-transmission-line-project\index.html
Missing image: wp-content/uploads/placeholder.png in C:\Users\usama\OneDrive\Desktop\EXI 3 - Copy\exiinc.com\projects\cross-texas-transmission-ctt-345kv-transmission-line-project\index.html
Missing image: wp-content/uploads/placeholder.png in C:\Users\usama\OneDrive\Desktop\EXI 3 - Copy\exiinc.com\projects\cross-texas-transmission-ctt-345kv-transmission-line-project\index.html
Missing image: wp-content/uploads/placeholder.png in C:\Users\usama\OneDrive\Desktop\EXI 3 - Copy\exiinc.com\projects\cross-texas-transmission-ctt-345kv-transmission-line-project\index.html
Missing image: wp-content/uploads/placeholder.png in C:\Users\usama\OneDrive\Desktop\EXI 3 - Copy\exiinc.com\projects\crystal-series-capacitor\index.html
Missing image: wp-content/uploads/placeholder.png in C:\Users\usama\OneDrive\Desktop\EXI 3 - Copy\exiinc.com\projects\crystal-series-capacitor\index.html
Missing image: wp-content/uploads/placeholder.png in C:\Users\usama\OneDrive\Desktop\EXI 3 - Copy\exiinc.com\projects\crystal-series-capacitor\index.html
Missing image: wp-content/uploads/placeholder.png in C:\Users\usama\OneDrive\Desktop\EXI 3 - Copy\exiinc.com\projects\crystal-series-capacitor\index.html
Missing image: wp-content/uploads/placeholder.png in C:\Users\usama\OneDrive\Desktop\EXI 3 - Copy\exiinc.com\projects\darnestown-substation\index.html
Missing image: wp-content/uploads/placeholder.png in C:\Users\usama\OneDrive\Desktop\EXI 3 - Copy\exiinc.com\projects\darnestown-substation\index.html
Missing image: wp-content/uploads/placeholder.png in C:\Users\usama\OneDrive\Desktop\EXI 3 - Copy\exiinc.com\projects\darnestown-substation\index.html
Missing image: wp-content/uploads/placeholder.png in C:\Users\usama\OneDrive\Desktop\EXI 3 - Copy\exiinc.com\projects\denver-international-airport-dia\index.html
Missing image: wp-content/uploads/placeholder.png in C:\Users\usama\OneDrive\Desktop\EXI 3 - Copy\exiinc.com\projects\denver-international-airport-dia\index.html
Missing image: wp-content/uploads/placeholder.png in C:\Users\usama\OneDrive\Desktop\EXI 3 - Copy\exiinc.com\projects\denver-international-airport-dia\index.html
Missing image: wp-content/uploads/placeholder.png in C:\Users\usama\OneDrive\Desktop\EXI 3 - Copy\exiinc.com\projects\denver-international-airport-dia\index.html
Missing image: wp-content/uploads/placeholder.png in C:\Users\usama\OneDrive\Desktop\EXI 3 - Copy\exiinc.com\projects\denver-international-airport-dia\index.html
Missing image: wp-content/uploads/placeholder.png in C:\Users\usama\OneDrive\Desktop\EXI 3 - Copy\exiinc.com\projects\denver-international-airport-dia\index.html
Missing image: wp-content/uploads/placeholder.png in C:\Users\usama\OneDrive\Desktop\EXI 3 - Copy\exiinc.com\projects\denver-international-airport-dia\index.html
Missing image: wp-content/uploads/placeholder.png in C:\Users\usama\OneDrive\Desktop\EXI 3 - Copy\exiinc.com\projects\denver-international-airport-dia\index.html
Missing image: wp-content/uploads/placeholder.png in C:\Users\usama\OneDrive\Desktop\EXI 3 - Copy\exiinc.com\projects\edmonton-light-rail-transit-lrt-valley-line-expansion\index.html
Missing image: wp-content/uploads/placeholder.png in C:\Users\usama\OneDrive\Desktop\EXI 3 - Copy\exiinc.com\projects\edmonton-light-rail-transit-lrt-valley-line-expansion\index.html
Missing image: wp-content/uploads/placeholder.png in C:\Users\usama\OneDrive\Desktop\EXI 3 - Copy\exiinc.com\projects\edmonton-light-rail-transit-lrt-valley-line-expansion\index.html
Missing image: wp-content/uploads/placeholder.png in C:\Users\usama\OneDrive\Desktop\EXI 3 - Copy\exiinc.com\projects\edmonton-light-rail-transit-lrt-valley-line-expansion\index.html
Missing image: wp-content/uploads/placeholder.png in C:\Users\usama\OneDrive\Desktop\EXI 3 - Copy\exiinc.com\projects\edmonton-light-rail-transit-lrt-valley-line-expansion\index.html
Missing image: wp-content/uploads/placeholder.png in C:\Users\usama\OneDrive\Desktop\EXI 3 - Copy\exiinc.com\projects\evergy-master-services-agreement-msa\index.html
Missing image: wp-content/uploads/placeholder.png in C:\Users\usama\OneDrive\Desktop\EXI 3 - Copy\exiinc.com\projects\evergy-master-services-agreement-msa\index.html
Missing image: wp-content/uploads/placeholder.png in C:\Users\usama\OneDrive\Desktop\EXI 3 - Copy\exiinc.com\projects\evergy-master-services-agreement-msa\index.html
Missing image: wp-content/uploads/placeholder.png in C:\Users\usama\OneDrive\Desktop\EXI 3 - Copy\exiinc.com\projects\evergy-master-services-agreement-msa\index.html
Missing image: wp-content/uploads/placeholder.png in C:\Users\usama\OneDrive\Desktop\EXI 3 - Copy\exiinc.com\projects\evergy-master-services-agreement-msa\index.html
Missing image: wp-content/uploads/placeholder.png in C:\Users\usama\OneDrive\Desktop\EXI 3 - Copy\exiinc.com\projects\garland-solar-project\index.html
Missing image: wp-content/uploads/placeholder.png in C:\Users\usama\OneDrive\Desktop\EXI 3 - Copy\exiinc.com\projects\gateway-to-roxford-345-kv-transmission-line\index.html
Missing image: wp-content/uploads/placeholder.png in C:\Users\usama\OneDrive\Desktop\EXI 3 - Copy\exiinc.com\projects\gateway-to-roxford-345-kv-transmission-line\index.html
Missing image: wp-content/uploads/placeholder.png in C:\Users\usama\OneDrive\Desktop\EXI 3 - Copy\exiinc.com\projects\gateway-to-roxford-345-kv-transmission-line\index.html
Missing image: wp-content/uploads/placeholder.png in C:\Users\usama\OneDrive\Desktop\EXI 3 - Copy\exiinc.com\projects\gilbert-road-light-rail-expansion\index.html
Missing image: wp-content/uploads/placeholder.png in C:\Users\usama\OneDrive\Desktop\EXI 3 - Copy\exiinc.com\projects\gilbert-road-light-rail-expansion\index.html
Missing image: wp-content/uploads/placeholder.png in C:\Users\usama\OneDrive\Desktop\EXI 3 - Copy\exiinc.com\projects\gilbert-road-light-rail-expansion\index.html
Missing image: wp-content/uploads/placeholder.png in C:\Users\usama\OneDrive\Desktop\EXI 3 - Copy\exiinc.com\projects\gilbert-road-light-rail-expansion\index.html
Missing image: wp-content/uploads/placeholder.png in C:\Users\usama\OneDrive\Desktop\EXI 3 - Copy\exiinc.com\projects\greater-hartford-central-connecticut-reliability-project\index.html
Missing image: wp-content/uploads/placeholder.png in C:\Users\usama\OneDrive\Desktop\EXI 3 - Copy\exiinc.com\projects\greater-hartford-central-connecticut-reliability-project\index.html
Missing image: wp-content/uploads/placeholder.png in C:\Users\usama\OneDrive\Desktop\EXI 3 - Copy\exiinc.com\projects\greater-hartford-central-connecticut-reliability-project\index.html
Missing image: wp-content/uploads/placeholder.png in C:\Users\usama\OneDrive\Desktop\EXI 3 - Copy\exiinc.com\projects\harold-alfond-athletics-and-recreation-center\index.html
Missing image: wp-content/uploads/placeholder.png in C:\Users\usama\OneDrive\Desktop\EXI 3 - Copy\exiinc.com\projects\harold-alfond-athletics-and-recreation-center\index.html
Missing image: wp-content/uploads/placeholder.png in C:\Users\usama\OneDrive\Desktop\EXI 3 - Copy\exiinc.com\projects\harold-alfond-athletics-and-recreation-center\index.html
Missing image: wp-content/uploads/placeholder.png in C:\Users\usama\OneDrive\Desktop\EXI 3 - Copy\exiinc.com\projects\harold-alfond-athletics-and-recreation-center\index.html
Missing image: wp-content/uploads/placeholder.png in C:\Users\usama\OneDrive\Desktop\EXI 3 - Copy\exiinc.com\projects\harold-alfond-athletics-and-recreation-center\index.html
Missing image: wp-content/uploads/placeholder.png in C:\Users\usama\OneDrive\Desktop\EXI 3 - Copy\exiinc.com\projects\harold-alfond-athletics-and-recreation-center\index.html
Missing image: wp-content/uploads/placeholder.png in C:\Users\usama\OneDrive\Desktop\EXI 3 - Copy\exiinc.com\projects\harold-alfond-athletics-and-recreation-center\index.html
Missing image: wp-content/uploads/placeholder.png in C:\Users\usama\OneDrive\Desktop\EXI 3 - Copy\exiinc.com\projects\harold-alfond-athletics-and-recreation-center\index.html
Missing image: wp-content/uploads/placeholder.png in C:\Users\usama\OneDrive\Desktop\EXI 3 - Copy\exiinc.com\projects\harold-alfond-athletics-and-recreation-center\index.html
Missing image: wp-content/uploads/placeholder.png in C:\Users\usama\OneDrive\Desktop\EXI 3 - Copy\exiinc.com\projects\harry-allen-to-el-dorado-500kv-transmission-line\index.html
Missing image: wp-content/uploads/placeholder.png in C:\Users\usama\OneDrive\Desktop\EXI 3 - Copy\exiinc.com\projects\harry-allen-to-el-dorado-500kv-transmission-line\index.html
Missing image: wp-content/uploads/placeholder.png in C:\Users\usama\OneDrive\Desktop\EXI 3 - Copy\exiinc.com\projects\harry-allen-to-el-dorado-500kv-transmission-line\index.html
Missing image: wp-content/uploads/placeholder.png in C:\Users\usama\OneDrive\Desktop\EXI 3 - Copy\exiinc.com\projects\harry-allen-to-el-dorado-500kv-transmission-line\index.html
Missing image: wp-content/uploads/placeholder.png in C:\Users\usama\OneDrive\Desktop\EXI 3 - Copy\exiinc.com\projects\harry-allen-to-el-dorado-500kv-transmission-line\index.html
Missing image: wp-content/uploads/placeholder.png in C:\Users\usama\OneDrive\Desktop\EXI 3 - Copy\exiinc.com\projects\harry-allen-to-el-dorado-500kv-transmission-line\index.html
Missing image: wp-content/uploads/placeholder.png in C:\Users\usama\OneDrive\Desktop\EXI 3 - Copy\exiinc.com\projects\hurricane-isaias\index.html
Missing image: wp-content/uploads/placeholder.png in C:\Users\usama\OneDrive\Desktop\EXI 3 - Copy\exiinc.com\projects\hurricanes-ida-and-nicholas\index.html
Missing image: wp-content/uploads/placeholder.png in C:\Users\usama\OneDrive\Desktop\EXI 3 - Copy\exiinc.com\projects\hurricanes-ida-and-nicholas\index.html
Missing image: wp-content/uploads/placeholder.png in C:\Users\usama\OneDrive\Desktop\EXI 3 - Copy\exiinc.com\projects\hurricanes-ida-and-nicholas\index.html
Missing image: wp-content/uploads/placeholder.png in C:\Users\usama\OneDrive\Desktop\EXI 3 - Copy\exiinc.com\projects\hurricanes-ida-and-nicholas\index.html
Missing image: wp-content/uploads/placeholder.png in C:\Users\usama\OneDrive\Desktop\EXI 3 - Copy\exiinc.com\projects\hurricanes-ida-and-nicholas\index.html
Missing image: wp-content/uploads/placeholder.png in C:\Users\usama\OneDrive\Desktop\EXI 3 - Copy\exiinc.com\projects\hurricanes-ida-and-nicholas\index.html
Missing image: wp-content/uploads/placeholder.png in C:\Users\usama\OneDrive\Desktop\EXI 3 - Copy\exiinc.com\projects\hurricanes-ida-and-nicholas\index.html
Missing image: wp-content/uploads/placeholder.png in C:\Users\usama\OneDrive\Desktop\EXI 3 - Copy\exiinc.com\projects\hyatt-house-chicago\index.html
Missing image: wp-content/uploads/placeholder.png in C:\Users\usama\OneDrive\Desktop\EXI 3 - Copy\exiinc.com\projects\hyatt-house-chicago\index.html
Missing image: wp-content/uploads/placeholder.png in C:\Users\usama\OneDrive\Desktop\EXI 3 - Copy\exiinc.com\projects\hyatt-house-chicago\index.html
Missing image: wp-content/uploads/placeholder.png in C:\Users\usama\OneDrive\Desktop\EXI 3 - Copy\exiinc.com\projects\hyatt-house-chicago\index.html
Missing image: wp-content/uploads/placeholder.png in C:\Users\usama\OneDrive\Desktop\EXI 3 - Copy\exiinc.com\projects\hyatt-house-chicago\index.html
Missing image: wp-content/uploads/placeholder.png in C:\Users\usama\OneDrive\Desktop\EXI 3 - Copy\exiinc.com\projects\iowa-derecho-storm-work\index.html
Missing image: wp-content/uploads/placeholder.png in C:\Users\usama\OneDrive\Desktop\EXI 3 - Copy\exiinc.com\projects\iowa-derecho-storm-work\index.html
Missing image: wp-content/uploads/placeholder.png in C:\Users\usama\OneDrive\Desktop\EXI 3 - Copy\exiinc.com\projects\iowa-derecho-storm-work\index.html
Missing image: wp-content/uploads/placeholder.png in C:\Users\usama\OneDrive\Desktop\EXI 3 - Copy\exiinc.com\projects\jimmy-camp-creek-substation\index.html
Missing image: wp-content/uploads/placeholder.png in C:\Users\usama\OneDrive\Desktop\EXI 3 - Copy\exiinc.com\projects\jimmy-camp-creek-substation\index.html
Missing image: wp-content/uploads/placeholder.png in C:\Users\usama\OneDrive\Desktop\EXI 3 - Copy\exiinc.com\projects\jimmy-camp-creek-substation\index.html
Missing image: wp-content/uploads/placeholder.png in C:\Users\usama\OneDrive\Desktop\EXI 3 - Copy\exiinc.com\projects\laurel-street-works-yard\index.html
Missing image: wp-content/uploads/placeholder.png in C:\Users\usama\OneDrive\Desktop\EXI 3 - Copy\exiinc.com\projects\limestone-to-gibbons-creek-transmission-line\index.html
Missing image: wp-content/uploads/placeholder.png in C:\Users\usama\OneDrive\Desktop\EXI 3 - Copy\exiinc.com\projects\limestone-to-gibbons-creek-transmission-line\index.html
Missing image: wp-content/uploads/placeholder.png in C:\Users\usama\OneDrive\Desktop\EXI 3 - Copy\exiinc.com\projects\limestone-to-gibbons-creek-transmission-line\index.html
Missing image: wp-content/uploads/placeholder.png in C:\Users\usama\OneDrive\Desktop\EXI 3 - Copy\exiinc.com\projects\limestone-to-gibbons-creek-transmission-line\index.html
Missing image: wp-content/uploads/placeholder.png in C:\Users\usama\OneDrive\Desktop\EXI 3 - Copy\exiinc.com\projects\lotus-solar-farm\index.html
Missing image: wp-content/uploads/placeholder.png in C:\Users\usama\OneDrive\Desktop\EXI 3 - Copy\exiinc.com\projects\lotus-solar-farm\index.html
Missing image: wp-content/uploads/placeholder.png in C:\Users\usama\OneDrive\Desktop\EXI 3 - Copy\exiinc.com\projects\lotus-solar-farm\index.html
Missing image: wp-content/uploads/placeholder.png in C:\Users\usama\OneDrive\Desktop\EXI 3 - Copy\exiinc.com\projects\lotus-solar-farm\index.html
Missing image: wp-content/uploads/placeholder.png in C:\Users\usama\OneDrive\Desktop\EXI 3 - Copy\exiinc.com\projects\lotus-solar-farm\index.html
Missing image: wp-content/uploads/placeholder.png in C:\Users\usama\OneDrive\Desktop\EXI 3 - Copy\exiinc.com\projects\lotus-solar-farm\index.html
Missing image: wp-content/uploads/placeholder.png in C:\Users\usama\OneDrive\Desktop\EXI 3 - Copy\exiinc.com\projects\lotus-solar-farm\index.html
Missing image: wp-content/uploads/placeholder.png in C:\Users\usama\OneDrive\Desktop\EXI 3 - Copy\exiinc.com\projects\maine-medical-center-mmc-coulombe-family-tower-phase-i-expansion\index.html
Missing image: wp-content/uploads/placeholder.png in C:\Users\usama\OneDrive\Desktop\EXI 3 - Copy\exiinc.com\projects\maine-medical-center-mmc-coulombe-family-tower-phase-i-expansion\index.html
Missing image: wp-content/uploads/placeholder.png in C:\Users\usama\OneDrive\Desktop\EXI 3 - Copy\exiinc.com\projects\maine-medical-center-mmc-coulombe-family-tower-phase-i-expansion\index.html
Missing image: wp-content/uploads/placeholder.png in C:\Users\usama\OneDrive\Desktop\EXI 3 - Copy\exiinc.com\projects\maine-medical-center-mmc-coulombe-family-tower-phase-i-expansion\index.html
Missing image: wp-content/uploads/placeholder.png in C:\Users\usama\OneDrive\Desktop\EXI 3 - Copy\exiinc.com\projects\maine-medical-center-mmc-coulombe-family-tower-phase-i-expansion\index.html
Missing image: wp-content/uploads/placeholder.png in C:\Users\usama\OneDrive\Desktop\EXI 3 - Copy\exiinc.com\projects\maine-medical-center-mmc-coulombe-family-tower-phase-i-expansion\index.html
Missing image: wp-content/uploads/placeholder.png in C:\Users\usama\OneDrive\Desktop\EXI 3 - Copy\exiinc.com\projects\maine-power-reliability-program-mprp\index.html
Missing image: wp-content/uploads/placeholder.png in C:\Users\usama\OneDrive\Desktop\EXI 3 - Copy\exiinc.com\projects\maine-power-reliability-program-mprp\index.html
Missing image: wp-content/uploads/placeholder.png in C:\Users\usama\OneDrive\Desktop\EXI 3 - Copy\exiinc.com\projects\maine-power-reliability-program-mprp\index.html
Missing image: wp-content/uploads/placeholder.png in C:\Users\usama\OneDrive\Desktop\EXI 3 - Copy\exiinc.com\projects\maine-power-reliability-program-mprp\index.html
Missing image: wp-content/uploads/placeholder.png in C:\Users\usama\OneDrive\Desktop\EXI 3 - Copy\exiinc.com\projects\maine-power-reliability-program-mprp\index.html
Missing image: wp-content/uploads/placeholder.png in C:\Users\usama\OneDrive\Desktop\EXI 3 - Copy\exiinc.com\projects\maine-power-reliability-program-mprp\index.html
Missing image: wp-content/uploads/placeholder.png in C:\Users\usama\OneDrive\Desktop\EXI 3 - Copy\exiinc.com\projects\mcloughlin-point-wastewater-treatment-plant\index.html
Missing image: wp-content/uploads/placeholder.png in C:\Users\usama\OneDrive\Desktop\EXI 3 - Copy\exiinc.com\projects\mcloughlin-point-wastewater-treatment-plant\index.html
Missing image: wp-content/uploads/placeholder.png in C:\Users\usama\OneDrive\Desktop\EXI 3 - Copy\exiinc.com\projects\mcloughlin-point-wastewater-treatment-plant\index.html
Missing image: wp-content/uploads/placeholder.png in C:\Users\usama\OneDrive\Desktop\EXI 3 - Copy\exiinc.com\projects\mcloughlin-point-wastewater-treatment-plant\index.html
Missing image: wp-content/uploads/placeholder.png in C:\Users\usama\OneDrive\Desktop\EXI 3 - Copy\exiinc.com\projects\mcloughlin-point-wastewater-treatment-plant\index.html
Missing image: wp-content/uploads/placeholder.png in C:\Users\usama\OneDrive\Desktop\EXI 3 - Copy\exiinc.com\projects\mt-storm-to-valley-phase-3-500kv-transmission\index.html
Missing image: wp-content/uploads/placeholder.png in C:\Users\usama\OneDrive\Desktop\EXI 3 - Copy\exiinc.com\projects\mt-storm-to-valley-phase-3-500kv-transmission\index.html
Missing image: wp-content/uploads/placeholder.png in C:\Users\usama\OneDrive\Desktop\EXI 3 - Copy\exiinc.com\projects\mt-storm-to-valley-phase-3-500kv-transmission\index.html
Missing image: wp-content/uploads/placeholder.png in C:\Users\usama\OneDrive\Desktop\EXI 3 - Copy\exiinc.com\projects\mt-storm-to-valley-phase-3-500kv-transmission\index.html
Missing image: wp-content/uploads/placeholder.png in C:\Users\usama\OneDrive\Desktop\EXI 3 - Copy\exiinc.com\projects\national-grid-alliance\index.html
Missing image: wp-content/uploads/placeholder.png in C:\Users\usama\OneDrive\Desktop\EXI 3 - Copy\exiinc.com\projects\national-grid-alliance\index.html
Missing image: wp-content/uploads/placeholder.png in C:\Users\usama\OneDrive\Desktop\EXI 3 - Copy\exiinc.com\projects\national-grid-alliance\index.html
Missing image: wp-content/uploads/placeholder.png in C:\Users\usama\OneDrive\Desktop\EXI 3 - Copy\exiinc.com\projects\national-grid-alliance\index.html
Missing image: wp-content/uploads/placeholder.png in C:\Users\usama\OneDrive\Desktop\EXI 3 - Copy\exiinc.com\projects\national-grid-alliance\index.html
Missing image: wp-content/uploads/placeholder.png in C:\Users\usama\OneDrive\Desktop\EXI 3 - Copy\exiinc.com\projects\national-grid-alliance\index.html
Missing image: wp-content/uploads/placeholder.png in C:\Users\usama\OneDrive\Desktop\EXI 3 - Copy\exiinc.com\projects\oncor-electric-master-services-agreement-msa\index.html
Missing image: wp-content/uploads/placeholder.png in C:\Users\usama\OneDrive\Desktop\EXI 3 - Copy\exiinc.com\projects\oncor-electric-master-services-agreement-msa\index.html
Missing image: wp-content/uploads/placeholder.png in C:\Users\usama\OneDrive\Desktop\EXI 3 - Copy\exiinc.com\projects\one-chicago\index.html
Missing image: wp-content/uploads/placeholder.png in C:\Users\usama\OneDrive\Desktop\EXI 3 - Copy\exiinc.com\projects\one-chicago\index.html
Missing image: wp-content/uploads/placeholder.png in C:\Users\usama\OneDrive\Desktop\EXI 3 - Copy\exiinc.com\projects\one-nevada-500kv-transmission-line-on-line\index.html
Missing image: wp-content/uploads/placeholder.png in C:\Users\usama\OneDrive\Desktop\EXI 3 - Copy\exiinc.com\projects\one-nevada-500kv-transmission-line-on-line\index.html
Missing image: wp-content/uploads/placeholder.png in C:\Users\usama\OneDrive\Desktop\EXI 3 - Copy\exiinc.com\projects\one-nevada-500kv-transmission-line-on-line\index.html
Missing image: wp-content/uploads/placeholder.png in C:\Users\usama\OneDrive\Desktop\EXI 3 - Copy\exiinc.com\projects\one-nevada-500kv-transmission-line-on-line\index.html
Missing image: wp-content/uploads/placeholder.png in C:\Users\usama\OneDrive\Desktop\EXI 3 - Copy\exiinc.com\projects\one-nevada-500kv-transmission-line-on-line\index.html
Missing image: wp-content/uploads/placeholder.png in C:\Users\usama\OneDrive\Desktop\EXI 3 - Copy\exiinc.com\projects\one-nevada-500kv-transmission-line-on-line\index.html
Missing image: wp-content/uploads/placeholder.png in C:\Users\usama\OneDrive\Desktop\EXI 3 - Copy\exiinc.com\projects\outpatient-specialty-and-surgery-center\index.html
Missing image: wp-content/uploads/placeholder.png in C:\Users\usama\OneDrive\Desktop\EXI 3 - Copy\exiinc.com\projects\outpatient-specialty-and-surgery-center\index.html
Missing image: wp-content/uploads/placeholder.png in C:\Users\usama\OneDrive\Desktop\EXI 3 - Copy\exiinc.com\projects\outpatient-specialty-and-surgery-center\index.html
Missing image: wp-content/uploads/placeholder.png in C:\Users\usama\OneDrive\Desktop\EXI 3 - Copy\exiinc.com\projects\outpatient-specialty-and-surgery-center\index.html
Missing image: wp-content/uploads/placeholder.png in C:\Users\usama\OneDrive\Desktop\EXI 3 - Copy\exiinc.com\projects\outpatient-specialty-and-surgery-center\index.html
Missing image: wp-content/uploads/placeholder.png in C:\Users\usama\OneDrive\Desktop\EXI 3 - Copy\exiinc.com\projects\pottersville-115kv-substation-replacement\index.html
Missing image: wp-content/uploads/placeholder.png in C:\Users\usama\OneDrive\Desktop\EXI 3 - Copy\exiinc.com\projects\pottersville-115kv-substation-replacement\index.html
Missing image: wp-content/uploads/placeholder.png in C:\Users\usama\OneDrive\Desktop\EXI 3 - Copy\exiinc.com\projects\pottersville-115kv-substation-replacement\index.html
Missing image: wp-content/uploads/placeholder.png in C:\Users\usama\OneDrive\Desktop\EXI 3 - Copy\exiinc.com\projects\pottersville-115kv-substation-replacement\index.html
Missing image: wp-content/uploads/placeholder.png in C:\Users\usama\OneDrive\Desktop\EXI 3 - Copy\exiinc.com\projects\pottersville-115kv-substation-replacement\index.html
Missing image: wp-content/uploads/placeholder.png in C:\Users\usama\OneDrive\Desktop\EXI 3 - Copy\exiinc.com\projects\roberts-tunnel-east-portal\index.html
Missing image: wp-content/uploads/placeholder.png in C:\Users\usama\OneDrive\Desktop\EXI 3 - Copy\exiinc.com\projects\roberts-tunnel-east-portal\index.html
Missing image: wp-content/uploads/placeholder.png in C:\Users\usama\OneDrive\Desktop\EXI 3 - Copy\exiinc.com\projects\roberts-tunnel-east-portal\index.html
Missing image: wp-content/uploads/placeholder.png in C:\Users\usama\OneDrive\Desktop\EXI 3 - Copy\exiinc.com\projects\roberts-tunnel-east-portal\index.html
Missing image: wp-content/uploads/placeholder.png in C:\Users\usama\OneDrive\Desktop\EXI 3 - Copy\exiinc.com\projects\roberts-tunnel-east-portal\index.html
Missing image: wp-content/uploads/placeholder.png in C:\Users\usama\OneDrive\Desktop\EXI 3 - Copy\exiinc.com\projects\roberts-tunnel-east-portal\index.html
Missing image: wp-content/uploads/placeholder.png in C:\Users\usama\OneDrive\Desktop\EXI 3 - Copy\exiinc.com\projects\roberts-tunnel-east-portal\index.html
Missing image: wp-content/uploads/placeholder.png in C:\Users\usama\OneDrive\Desktop\EXI 3 - Copy\exiinc.com\projects\roberts-tunnel-east-portal\index.html
Missing image: wp-content/uploads/placeholder.png in C:\Users\usama\OneDrive\Desktop\EXI 3 - Copy\exiinc.com\projects\roberts-tunnel-east-portal\index.html
Missing image: wp-content/uploads/placeholder.png in C:\Users\usama\OneDrive\Desktop\EXI 3 - Copy\exiinc.com\projects\roberts-tunnel-east-portal\index.html
Missing image: wp-content/uploads/placeholder.png in C:\Users\usama\OneDrive\Desktop\EXI 3 - Copy\exiinc.com\projects\rocky-mountain-regional-veterans-affairs-medical-center\index.html
Missing image: wp-content/uploads/placeholder.png in C:\Users\usama\OneDrive\Desktop\EXI 3 - Copy\exiinc.com\projects\rocky-mountain-regional-veterans-affairs-medical-center\index.html
Missing image: wp-content/uploads/placeholder.png in C:\Users\usama\OneDrive\Desktop\EXI 3 - Copy\exiinc.com\projects\rocky-mountain-regional-veterans-affairs-medical-center\index.html
Missing image: wp-content/uploads/placeholder.png in C:\Users\usama\OneDrive\Desktop\EXI 3 - Copy\exiinc.com\projects\rocky-mountain-regional-veterans-affairs-medical-center\index.html
Missing image: wp-content/uploads/placeholder.png in C:\Users\usama\OneDrive\Desktop\EXI 3 - Copy\exiinc.com\projects\shamrock-foods-project-peak\index.html
Missing image: wp-content/uploads/placeholder.png in C:\Users\usama\OneDrive\Desktop\EXI 3 - Copy\exiinc.com\projects\shamrock-foods-project-peak\index.html
Missing image: wp-content/uploads/placeholder.png in C:\Users\usama\OneDrive\Desktop\EXI 3 - Copy\exiinc.com\projects\shamrock-foods-project-peak\index.html
Missing image: wp-content/uploads/placeholder.png in C:\Users\usama\OneDrive\Desktop\EXI 3 - Copy\exiinc.com\projects\sloan-canyon-switchyard-and-transmission-line\index.html
Missing image: wp-content/uploads/placeholder.png in C:\Users\usama\OneDrive\Desktop\EXI 3 - Copy\exiinc.com\projects\sloan-canyon-switchyard-and-transmission-line\index.html
Missing image: wp-content/uploads/placeholder.png in C:\Users\usama\OneDrive\Desktop\EXI 3 - Copy\exiinc.com\projects\sloan-canyon-switchyard-and-transmission-line\index.html
Missing image: wp-content/uploads/placeholder.png in C:\Users\usama\OneDrive\Desktop\EXI 3 - Copy\exiinc.com\projects\sloan-canyon-switchyard-and-transmission-line\index.html
Missing image: wp-content/uploads/placeholder.png in C:\Users\usama\OneDrive\Desktop\EXI 3 - Copy\exiinc.com\projects\sloan-canyon-switchyard-and-transmission-line\index.html
Missing image: wp-content/uploads/placeholder.png in C:\Users\usama\OneDrive\Desktop\EXI 3 - Copy\exiinc.com\projects\south-street-substation\index.html
Missing image: wp-content/uploads/placeholder.png in C:\Users\usama\OneDrive\Desktop\EXI 3 - Copy\exiinc.com\projects\south-street-substation\index.html
Missing image: wp-content/uploads/placeholder.png in C:\Users\usama\OneDrive\Desktop\EXI 3 - Copy\exiinc.com\projects\south-street-substation\index.html
Missing image: wp-content/uploads/placeholder.png in C:\Users\usama\OneDrive\Desktop\EXI 3 - Copy\exiinc.com\projects\south-street-substation\index.html
Missing image: wp-content/uploads/placeholder.png in C:\Users\usama\OneDrive\Desktop\EXI 3 - Copy\exiinc.com\projects\south-street-substation\index.html
Missing image: wp-content/uploads/placeholder.png in C:\Users\usama\OneDrive\Desktop\EXI 3 - Copy\exiinc.com\projects\south-street-substation\index.html
Missing image: wp-content/uploads/placeholder.png in C:\Users\usama\OneDrive\Desktop\EXI 3 - Copy\exiinc.com\projects\southern-california-edison-alliance\index.html
Missing image: wp-content/uploads/placeholder.png in C:\Users\usama\OneDrive\Desktop\EXI 3 - Copy\exiinc.com\projects\southern-california-edison-alliance\index.html
Missing image: wp-content/uploads/placeholder.png in C:\Users\usama\OneDrive\Desktop\EXI 3 - Copy\exiinc.com\projects\southern-california-edison-alliance\index.html
Missing image: wp-content/uploads/placeholder.png in C:\Users\usama\OneDrive\Desktop\EXI 3 - Copy\exiinc.com\projects\southern-california-edison-alliance\index.html
Missing image: wp-content/uploads/placeholder.png in C:\Users\usama\OneDrive\Desktop\EXI 3 - Copy\exiinc.com\projects\southern-california-edison-alliance\index.html
Missing image: wp-content/uploads/placeholder.png in C:\Users\usama\OneDrive\Desktop\EXI 3 - Copy\exiinc.com\projects\streetlight-maintenance\index.html
Missing image: wp-content/uploads/placeholder.png in C:\Users\usama\OneDrive\Desktop\EXI 3 - Copy\exiinc.com\projects\streetlight-maintenance\index.html
Missing image: wp-content/uploads/placeholder.png in C:\Users\usama\OneDrive\Desktop\EXI 3 - Copy\exiinc.com\projects\streetlight-maintenance\index.html
Missing image: wp-content/uploads/placeholder.png in C:\Users\usama\OneDrive\Desktop\EXI 3 - Copy\exiinc.com\projects\streetlight-maintenance\index.html
Missing image: wp-content/uploads/placeholder.png in C:\Users\usama\OneDrive\Desktop\EXI 3 - Copy\exiinc.com\projects\streetlight-maintenance\index.html
Missing image: wp-content/uploads/placeholder.png in C:\Users\usama\OneDrive\Desktop\EXI 3 - Copy\exiinc.com\projects\trans-mountain-pipeline-piic\index.html
Missing image: wp-content/uploads/placeholder.png in C:\Users\usama\OneDrive\Desktop\EXI 3 - Copy\exiinc.com\projects\trans-mountain-pipeline-piic\index.html
Missing image: wp-content/uploads/placeholder.png in C:\Users\usama\OneDrive\Desktop\EXI 3 - Copy\exiinc.com\projects\vancouver-post-office-redevelopment-and-expansion-the-post\index.html
Missing image: wp-content/uploads/placeholder.png in C:\Users\usama\OneDrive\Desktop\EXI 3 - Copy\exiinc.com\projects\vancouver-post-office-redevelopment-and-expansion-the-post\index.html
Missing image: wp-content/uploads/placeholder.png in C:\Users\usama\OneDrive\Desktop\EXI 3 - Copy\exiinc.com\projects\vancouver-post-office-redevelopment-and-expansion-the-post\index.html
Missing image: wp-content/uploads/placeholder.png in C:\Users\usama\OneDrive\Desktop\EXI 3 - Copy\exiinc.com\projects\vancouver-post-office-redevelopment-and-expansion-the-post-2\index.html
Missing image: wp-content/uploads/placeholder.png in C:\Users\usama\OneDrive\Desktop\EXI 3 - Copy\exiinc.com\projects\vancouver-post-office-redevelopment-and-expansion-the-post-2\index.html
Missing image: wp-content/uploads/placeholder.png in C:\Users\usama\OneDrive\Desktop\EXI 3 - Copy\exiinc.com\projects\vancouver-post-office-redevelopment-and-expansion-the-post-2\index.html
Missing image: wp-content/uploads/placeholder.png in C:\Users\usama\OneDrive\Desktop\EXI 3 - Copy\exiinc.com\projects\vancouver-post-office-redevelopment-and-expansion-the-post-2\index.html
Missing image: wp-content/uploads/placeholder.png in C:\Users\usama\OneDrive\Desktop\EXI 3 - Copy\exiinc.com\projects\vancouver-post-office-redevelopment-and-expansion-the-post-2\index.html
Missing image: wp-content/uploads/placeholder.png in C:\Users\usama\OneDrive\Desktop\EXI 3 - Copy\exiinc.com\projects\vancouver-post-office-redevelopment-and-expansion-the-post-2\index.html
Missing image: wp-content/uploads/placeholder.png in C:\Users\usama\OneDrive\Desktop\EXI 3 - Copy\exiinc.com\projects\venice-to-campbell-138kv-mississippi-river-crossing\index.html
Missing image: wp-content/uploads/placeholder.png in C:\Users\usama\OneDrive\Desktop\EXI 3 - Copy\exiinc.com\projects\venice-to-campbell-138kv-mississippi-river-crossing\index.html
Missing image: wp-content/uploads/placeholder.png in C:\Users\usama\OneDrive\Desktop\EXI 3 - Copy\exiinc.com\projects\venice-to-campbell-138kv-mississippi-river-crossing\index.html
Missing image: wp-content/uploads/placeholder.png in C:\Users\usama\OneDrive\Desktop\EXI 3 - Copy\exiinc.com\projects\west-texas-345kv-reactor-support\index.html
Missing image: wp-content/uploads/placeholder.png in C:\Users\usama\OneDrive\Desktop\EXI 3 - Copy\exiinc.com\projects\west-texas-345kv-reactor-support\index.html
Missing image: wp-content/uploads/placeholder.png in C:\Users\usama\OneDrive\Desktop\EXI 3 - Copy\exiinc.com\projects\west-texas-345kv-reactor-support\index.html
Missing image: wp-content/uploads/placeholder.png in C:\Users\usama\OneDrive\Desktop\EXI 3 - Copy\exiinc.com\projects\west-texas-345kv-reactor-support\index.html
Missing image: wp-content/uploads/placeholder.png in C:\Users\usama\OneDrive\Desktop\EXI 3 - Copy\exiinc.com\projects\west-texas-345kv-reactor-support\index.html
Missing image: wp-content/uploads/placeholder.png in C:\Users\usama\OneDrive\Desktop\EXI 3 - Copy\exiinc.com\projects\west-texas-345kv-reactor-support\index.html
Missing image: wp-content/uploads/placeholder.png in C:\Users\usama\OneDrive\Desktop\EXI 3 - Copy\exiinc.com\projects\wrigley-field\index.html
Missing image: wp-content/uploads/placeholder.png in C:\Users\usama\OneDrive\Desktop\EXI 3 - Copy\exiinc.com\projects\x116-z119-s188-r187-transmission-structure-replacements\index.html
Missing image: wp-content/uploads/placeholder.png in C:\Users\usama\OneDrive\Desktop\EXI 3 - Copy\exiinc.com\projects\x116-z119-s188-r187-transmission-structure-replacements\index.html
Missing image: wp-content/uploads/placeholder.png in C:\Users\usama\OneDrive\Desktop\EXI 3 - Copy\exiinc.com\projects\x116-z119-s188-r187-transmission-structure-replacements\index.html
Missing image: wp-content/uploads/placeholder.png in C:\Users\usama\OneDrive\Desktop\EXI 3 - Copy\exiinc.com\projects\xcel-energy-alliance\index.html
Missing image: wp-content/uploads/placeholder.png in C:\Users\usama\OneDrive\Desktop\EXI 3 - Copy\exiinc.com\projects\xcel-energy-alliance\index.html
Missing image: wp-content/uploads/placeholder.png in C:\Users\usama\OneDrive\Desktop\EXI 3 - Copy\exiinc.com\projects\xcel-energy-alliance\index.html
Missing image: wp-content/uploads/placeholder.png in C:\Users\usama\OneDrive\Desktop\EXI 3 - Copy\exiinc.com\projects\xcel-energy-alliance\index.html
Missing image: wp-content/uploads/placeholder.png in C:\Users\usama\OneDrive\Desktop\EXI 3 - Copy\exiinc.com\search\index.html
Missing image: wp-content/uploads/placeholder.png in C:\Users\usama\OneDrive\Desktop\EXI 3 - Copy\exiinc.com\_https_\myrgroup.com\wp-content\uploads\2021\08\Commercial_Industrial-1024x683.html
Missing image: wp-content/uploads/placeholder.png in C:\Users\usama\OneDrive\Desktop\EXI 3 - Copy\exiinc.com\_https_\myrgroup.com\wp-content\uploads\2021\08\Distribution-1024x683.html
Missing image: wp-content/uploads/placeholder.png in C:\Users\usama\OneDrive\Desktop\EXI 3 - Copy\exiinc.com\_https_\myrgroup.com\wp-content\uploads\2021\08\Emergency-1024x768.html
Missing image: wp-content/uploads/placeholder.png in C:\Users\usama\OneDrive\Desktop\EXI 3 - Copy\exiinc.com\_https_\myrgroup.com\wp-content\uploads\2021\08\Renewables.html
Missing image: wp-content/uploads/placeholder.png in C:\Users\usama\OneDrive\Desktop\EXI 3 - Copy\exiinc.com\_https_\myrgroup.com\wp-content\uploads\2021\08\Transmission-1024x683.html
Missing image: wp-content/uploads/placeholder.png in C:\Users\usama\OneDrive\Desktop\EXI 3 - Copy\exiinc.com\_https_\myrgroup.com\wp-content\uploads\2021\08\Transportation-1024x576.html
Missing image: wp-content/uploads/placeholder.png in C:\Users\usama\OneDrive\Desktop\EXI 3 - Copy\exiinc.com\_https_\myrgroup.com\wp-content\uploads\2021\10\Pottersville-003-2-683x1024.html
